--------------------------------------------------------------------------------
      name:  <unnamed>
       log:  /Users/bianca/Dropbox/_AcademicWork/Active/Research/-underReview/ML
> S_MatchingLabelingStigma/work_socius_2024_06_edited/mls-data01-conditions.log
  log type:  text
 opened on:  25 Sep 2024, 19:39:46

.  
. **********
. /// #0 Setup    
> **********      
.  
.  version 15.1

.  set linesize 80

.  clear all

.  macro drop _all

.  set matsize 100, perm
(set matsize preference recorded)

.  
.  set seed     1234

.  set sortseed 1234

. 
.  local pgm   mls-data01-conditions.do

.  local dte   2023-10-06

.  local who   bianca manago

.  local tag   "`pgm'.do `who' `dte'"

.  
.  di "`tag'"
mls-data01-conditions.do.do bianca manago 2023-10-06

. 
. ****************************************************************
. // #1 Load Data
. ****************************************************************
. use "Data/mls-data00-import", clear

. 
. ****************************************************************
. // #2 Vignette Labeling/Recoding Based on Illness
. ****************************************************************
. 
.         g cond96 = vigversn if year == 1996
(2,696 missing values generated)

.         recode cond96 (1/18=4) (19/36=2) (37/54=3) (73/90=1) (55/72=5)
(1427 changes made to cond96)

.                 la var cond96 "1996 vig illness"

.                 la de  cond96 1 "Daily Troubles" 2 "Depression" ///
>                                           3 "Schizophrenia"  4  "Alcohol Addic
> tion"  ///
>                                           5 "Drug Addiction" 

.                 la val cond96 cond96

.         ta cond96 , m

 1996 vig illness |      Freq.     Percent        Cum.
------------------+-----------------------------------
   Daily Troubles |        271        6.55        6.55
       Depression |        300        7.25       13.79
    Schizophrenia |        301        7.27       21.06
Alcohol Addiction |        280        6.76       27.83
   Drug Addiction |        292        7.05       34.88
                . |      2,696       65.12      100.00
------------------+-----------------------------------
            Total |      4,140      100.00

. 
.         g cond06 = vigversn if year == 2006
(2,617 missing values generated)

.         recode cond06 (1/18=4) (19/36=2) (37/54=3) (73/90=1) (55/72=.)
(1499 changes made to cond06)

.                 la var cond06 "2006 vig illness"

.                 la de  cond06 1 "Daily Troubles" 2 "Depression" ///
>                                           3 "Schizophrenia"  4  "Alcohol Addic
> tion" 

.                 la val cond06 cond06

.         ta cond06 , m

 2006 vig illness |      Freq.     Percent        Cum.
------------------+-----------------------------------
   Daily Troubles |        376        9.08        9.08
       Depression |        397        9.59       18.67
    Schizophrenia |        373        9.01       27.68
Alcohol Addiction |        377        9.11       36.79
                . |      2,617       63.21      100.00
------------------+-----------------------------------
            Total |      4,140      100.00

. 
.         g cond18 = vigversn if year == 2018
(2,967 missing values generated)

.         recode   cond18 (1/18=4) (19/36=2) (37/54=3) (73/90=1) (55/72=5)
(1154 changes made to cond18)

.                 la var cond18 "2018 vig illness"

.                 la val cond18 cond96

.         ta cond18 , m

 2018 vig illness |      Freq.     Percent        Cum.
------------------+-----------------------------------
   Daily Troubles |        217        5.24        5.24
       Depression |        251        6.06       11.30
    Schizophrenia |        229        5.53       16.84
Alcohol Addiction |        249        6.01       22.85
   Drug Addiction |        227        5.48       28.33
                . |      2,967       71.67      100.00
------------------+-----------------------------------
            Total |      4,140      100.00

. 
.         g cond = .
(4,140 missing values generated)

.         replace cond = cond96 if year == 1996
(1,444 real changes made)

.         replace cond = cond06 if year == 2006
(1,523 real changes made)

.         replace cond = cond18 if year == 2018
(1,173 real changes made)

.         la val  cond cond96

.         la var  cond "Vig: Illness (all years)"

. 
. // Recode vignettes into dummies
. 
.         ta cond, gen(vig)

Vig: Illness (all |
           years) |      Freq.     Percent        Cum.
------------------+-----------------------------------
   Daily Troubles |        864       20.87       20.87
       Depression |        948       22.90       43.77
    Schizophrenia |        903       21.81       65.58
Alcohol Addiction |        906       21.88       87.46
   Drug Addiction |        519       12.54      100.00
------------------+-----------------------------------
            Total |      4,140      100.00

.         rename vig1     vignorm

.                 la var  vignorm  "Vig: Daily Troubles"

.                 lab def normlab 0 "Other vignette" 1 "Daily troubles"

.                 lab val vignorm normlab

.         
.         rename vig2    vigdep

.                 la var  vigdep   "Vig: Depression"

.                 lab def deplab 0 "Other vignette" 1 "Depression"

.                 lab val vigdep deplab

.         
.         rename vig3    vigschiz

.                 la var  vigschiz "Vig: Schizophrenia"

.                 lab def schizlab 0 "Other vignette" 1 "Schizophrenia"

.                 lab val vigschiz schizlab

.         
.         rename vig4    vigalc

.                 la var  vigalc   "Vig: Alcohol"

.                 lab def alclab 0 "Other vignette" 1 "Alcohol"

.                 lab val vigalc alclab

.         
.         rename vig5    vigdrug

.                 la var  vigdrug  "Vig: Drug Problem"

.                 lab def druglab 0"Other vignette" 1"Drug"

.                 lab val vigdrug druglab

. 
. ******
. // Check to see if done correctly
. ******                  
.         unab vars: vignorm-vigdrug

.         
.         foreach v in `vars' {
  2.                 ta vigver `v' , m
  3.         }

  Vignette |  Vig: Daily Troubles
 Version # | Other vig  Daily tro |     Total
-----------+----------------------+----------
         1 |        49          0 |        49 
         2 |        50          0 |        50 
         3 |        47          0 |        47 
         4 |        60          0 |        60 
         5 |        48          0 |        48 
         6 |        58          0 |        58 
         7 |        53          0 |        53 
         8 |        44          0 |        44 
         9 |        43          0 |        43 
        10 |        54          0 |        54 
        11 |        54          0 |        54 
        12 |        56          0 |        56 
        13 |        46          0 |        46 
        14 |        42          0 |        42 
        15 |        42          0 |        42 
        16 |        57          0 |        57 
        17 |        49          0 |        49 
        18 |        54          0 |        54 
        19 |        47          0 |        47 
        20 |        50          0 |        50 
        21 |        49          0 |        49 
        22 |        52          0 |        52 
        23 |        56          0 |        56 
        24 |        49          0 |        49 
        25 |        56          0 |        56 
        26 |        58          0 |        58 
        27 |        54          0 |        54 
        28 |        51          0 |        51 
        29 |        57          0 |        57 
        30 |        46          0 |        46 
        31 |        50          0 |        50 
        32 |        56          0 |        56 
        33 |        47          0 |        47 
        34 |        66          0 |        66 
        35 |        49          0 |        49 
        36 |        55          0 |        55 
        37 |        53          0 |        53 
        38 |        52          0 |        52 
        39 |        53          0 |        53 
        40 |        48          0 |        48 
        41 |        50          0 |        50 
        42 |        52          0 |        52 
        43 |        47          0 |        47 
        44 |        45          0 |        45 
        45 |        41          0 |        41 
        46 |        49          0 |        49 
        47 |        52          0 |        52 
        48 |        52          0 |        52 
        49 |        41          0 |        41 
        50 |        44          0 |        44 
        51 |        54          0 |        54 
        52 |        54          0 |        54 
        53 |        55          0 |        55 
        54 |        61          0 |        61 
        55 |        29          0 |        29 
        56 |        24          0 |        24 
        57 |        20          0 |        20 
        58 |        26          0 |        26 
        59 |        29          0 |        29 
        60 |        34          0 |        34 
        61 |        31          0 |        31 
        62 |        27          0 |        27 
        63 |        33          0 |        33 
        64 |        26          0 |        26 
        65 |        31          0 |        31 
        66 |        32          0 |        32 
        67 |        26          0 |        26 
        68 |        32          0 |        32 
        69 |        29          0 |        29 
        70 |        28          0 |        28 
        71 |        34          0 |        34 
        72 |        28          0 |        28 
        73 |         0         52 |        52 
        74 |         0         42 |        42 
        75 |         0         41 |        41 
        76 |         0         57 |        57 
        77 |         0         56 |        56 
        78 |         0         44 |        44 
        79 |         0         49 |        49 
        80 |         0         43 |        43 
        81 |         0         44 |        44 
        82 |         0         50 |        50 
        83 |         0         51 |        51 
        84 |         0         56 |        56 
        85 |         0         42 |        42 
        86 |         0         42 |        42 
        87 |         0         49 |        49 
        88 |         0         47 |        47 
        89 |         0         45 |        45 
        90 |         0         54 |        54 
-----------+----------------------+----------
     Total |     3,276        864 |     4,140 

  Vignette |    Vig: Depression
 Version # | Other vig  Depressio |     Total
-----------+----------------------+----------
         1 |        49          0 |        49 
         2 |        50          0 |        50 
         3 |        47          0 |        47 
         4 |        60          0 |        60 
         5 |        48          0 |        48 
         6 |        58          0 |        58 
         7 |        53          0 |        53 
         8 |        44          0 |        44 
         9 |        43          0 |        43 
        10 |        54          0 |        54 
        11 |        54          0 |        54 
        12 |        56          0 |        56 
        13 |        46          0 |        46 
        14 |        42          0 |        42 
        15 |        42          0 |        42 
        16 |        57          0 |        57 
        17 |        49          0 |        49 
        18 |        54          0 |        54 
        19 |         0         47 |        47 
        20 |         0         50 |        50 
        21 |         0         49 |        49 
        22 |         0         52 |        52 
        23 |         0         56 |        56 
        24 |         0         49 |        49 
        25 |         0         56 |        56 
        26 |         0         58 |        58 
        27 |         0         54 |        54 
        28 |         0         51 |        51 
        29 |         0         57 |        57 
        30 |         0         46 |        46 
        31 |         0         50 |        50 
        32 |         0         56 |        56 
        33 |         0         47 |        47 
        34 |         0         66 |        66 
        35 |         0         49 |        49 
        36 |         0         55 |        55 
        37 |        53          0 |        53 
        38 |        52          0 |        52 
        39 |        53          0 |        53 
        40 |        48          0 |        48 
        41 |        50          0 |        50 
        42 |        52          0 |        52 
        43 |        47          0 |        47 
        44 |        45          0 |        45 
        45 |        41          0 |        41 
        46 |        49          0 |        49 
        47 |        52          0 |        52 
        48 |        52          0 |        52 
        49 |        41          0 |        41 
        50 |        44          0 |        44 
        51 |        54          0 |        54 
        52 |        54          0 |        54 
        53 |        55          0 |        55 
        54 |        61          0 |        61 
        55 |        29          0 |        29 
        56 |        24          0 |        24 
        57 |        20          0 |        20 
        58 |        26          0 |        26 
        59 |        29          0 |        29 
        60 |        34          0 |        34 
        61 |        31          0 |        31 
        62 |        27          0 |        27 
        63 |        33          0 |        33 
        64 |        26          0 |        26 
        65 |        31          0 |        31 
        66 |        32          0 |        32 
        67 |        26          0 |        26 
        68 |        32          0 |        32 
        69 |        29          0 |        29 
        70 |        28          0 |        28 
        71 |        34          0 |        34 
        72 |        28          0 |        28 
        73 |        52          0 |        52 
        74 |        42          0 |        42 
        75 |        41          0 |        41 
        76 |        57          0 |        57 
        77 |        56          0 |        56 
        78 |        44          0 |        44 
        79 |        49          0 |        49 
        80 |        43          0 |        43 
        81 |        44          0 |        44 
        82 |        50          0 |        50 
        83 |        51          0 |        51 
        84 |        56          0 |        56 
        85 |        42          0 |        42 
        86 |        42          0 |        42 
        87 |        49          0 |        49 
        88 |        47          0 |        47 
        89 |        45          0 |        45 
        90 |        54          0 |        54 
-----------+----------------------+----------
     Total |     3,192        948 |     4,140 

  Vignette |  Vig: Schizophrenia
 Version # | Other vig  Schizophr |     Total
-----------+----------------------+----------
         1 |        49          0 |        49 
         2 |        50          0 |        50 
         3 |        47          0 |        47 
         4 |        60          0 |        60 
         5 |        48          0 |        48 
         6 |        58          0 |        58 
         7 |        53          0 |        53 
         8 |        44          0 |        44 
         9 |        43          0 |        43 
        10 |        54          0 |        54 
        11 |        54          0 |        54 
        12 |        56          0 |        56 
        13 |        46          0 |        46 
        14 |        42          0 |        42 
        15 |        42          0 |        42 
        16 |        57          0 |        57 
        17 |        49          0 |        49 
        18 |        54          0 |        54 
        19 |        47          0 |        47 
        20 |        50          0 |        50 
        21 |        49          0 |        49 
        22 |        52          0 |        52 
        23 |        56          0 |        56 
        24 |        49          0 |        49 
        25 |        56          0 |        56 
        26 |        58          0 |        58 
        27 |        54          0 |        54 
        28 |        51          0 |        51 
        29 |        57          0 |        57 
        30 |        46          0 |        46 
        31 |        50          0 |        50 
        32 |        56          0 |        56 
        33 |        47          0 |        47 
        34 |        66          0 |        66 
        35 |        49          0 |        49 
        36 |        55          0 |        55 
        37 |         0         53 |        53 
        38 |         0         52 |        52 
        39 |         0         53 |        53 
        40 |         0         48 |        48 
        41 |         0         50 |        50 
        42 |         0         52 |        52 
        43 |         0         47 |        47 
        44 |         0         45 |        45 
        45 |         0         41 |        41 
        46 |         0         49 |        49 
        47 |         0         52 |        52 
        48 |         0         52 |        52 
        49 |         0         41 |        41 
        50 |         0         44 |        44 
        51 |         0         54 |        54 
        52 |         0         54 |        54 
        53 |         0         55 |        55 
        54 |         0         61 |        61 
        55 |        29          0 |        29 
        56 |        24          0 |        24 
        57 |        20          0 |        20 
        58 |        26          0 |        26 
        59 |        29          0 |        29 
        60 |        34          0 |        34 
        61 |        31          0 |        31 
        62 |        27          0 |        27 
        63 |        33          0 |        33 
        64 |        26          0 |        26 
        65 |        31          0 |        31 
        66 |        32          0 |        32 
        67 |        26          0 |        26 
        68 |        32          0 |        32 
        69 |        29          0 |        29 
        70 |        28          0 |        28 
        71 |        34          0 |        34 
        72 |        28          0 |        28 
        73 |        52          0 |        52 
        74 |        42          0 |        42 
        75 |        41          0 |        41 
        76 |        57          0 |        57 
        77 |        56          0 |        56 
        78 |        44          0 |        44 
        79 |        49          0 |        49 
        80 |        43          0 |        43 
        81 |        44          0 |        44 
        82 |        50          0 |        50 
        83 |        51          0 |        51 
        84 |        56          0 |        56 
        85 |        42          0 |        42 
        86 |        42          0 |        42 
        87 |        49          0 |        49 
        88 |        47          0 |        47 
        89 |        45          0 |        45 
        90 |        54          0 |        54 
-----------+----------------------+----------
     Total |     3,237        903 |     4,140 

  Vignette |     Vig: Alcohol
 Version # | Other vig    Alcohol |     Total
-----------+----------------------+----------
         1 |         0         49 |        49 
         2 |         0         50 |        50 
         3 |         0         47 |        47 
         4 |         0         60 |        60 
         5 |         0         48 |        48 
         6 |         0         58 |        58 
         7 |         0         53 |        53 
         8 |         0         44 |        44 
         9 |         0         43 |        43 
        10 |         0         54 |        54 
        11 |         0         54 |        54 
        12 |         0         56 |        56 
        13 |         0         46 |        46 
        14 |         0         42 |        42 
        15 |         0         42 |        42 
        16 |         0         57 |        57 
        17 |         0         49 |        49 
        18 |         0         54 |        54 
        19 |        47          0 |        47 
        20 |        50          0 |        50 
        21 |        49          0 |        49 
        22 |        52          0 |        52 
        23 |        56          0 |        56 
        24 |        49          0 |        49 
        25 |        56          0 |        56 
        26 |        58          0 |        58 
        27 |        54          0 |        54 
        28 |        51          0 |        51 
        29 |        57          0 |        57 
        30 |        46          0 |        46 
        31 |        50          0 |        50 
        32 |        56          0 |        56 
        33 |        47          0 |        47 
        34 |        66          0 |        66 
        35 |        49          0 |        49 
        36 |        55          0 |        55 
        37 |        53          0 |        53 
        38 |        52          0 |        52 
        39 |        53          0 |        53 
        40 |        48          0 |        48 
        41 |        50          0 |        50 
        42 |        52          0 |        52 
        43 |        47          0 |        47 
        44 |        45          0 |        45 
        45 |        41          0 |        41 
        46 |        49          0 |        49 
        47 |        52          0 |        52 
        48 |        52          0 |        52 
        49 |        41          0 |        41 
        50 |        44          0 |        44 
        51 |        54          0 |        54 
        52 |        54          0 |        54 
        53 |        55          0 |        55 
        54 |        61          0 |        61 
        55 |        29          0 |        29 
        56 |        24          0 |        24 
        57 |        20          0 |        20 
        58 |        26          0 |        26 
        59 |        29          0 |        29 
        60 |        34          0 |        34 
        61 |        31          0 |        31 
        62 |        27          0 |        27 
        63 |        33          0 |        33 
        64 |        26          0 |        26 
        65 |        31          0 |        31 
        66 |        32          0 |        32 
        67 |        26          0 |        26 
        68 |        32          0 |        32 
        69 |        29          0 |        29 
        70 |        28          0 |        28 
        71 |        34          0 |        34 
        72 |        28          0 |        28 
        73 |        52          0 |        52 
        74 |        42          0 |        42 
        75 |        41          0 |        41 
        76 |        57          0 |        57 
        77 |        56          0 |        56 
        78 |        44          0 |        44 
        79 |        49          0 |        49 
        80 |        43          0 |        43 
        81 |        44          0 |        44 
        82 |        50          0 |        50 
        83 |        51          0 |        51 
        84 |        56          0 |        56 
        85 |        42          0 |        42 
        86 |        42          0 |        42 
        87 |        49          0 |        49 
        88 |        47          0 |        47 
        89 |        45          0 |        45 
        90 |        54          0 |        54 
-----------+----------------------+----------
     Total |     3,234        906 |     4,140 

  Vignette |   Vig: Drug Problem
 Version # | Other vig       Drug |     Total
-----------+----------------------+----------
         1 |        49          0 |        49 
         2 |        50          0 |        50 
         3 |        47          0 |        47 
         4 |        60          0 |        60 
         5 |        48          0 |        48 
         6 |        58          0 |        58 
         7 |        53          0 |        53 
         8 |        44          0 |        44 
         9 |        43          0 |        43 
        10 |        54          0 |        54 
        11 |        54          0 |        54 
        12 |        56          0 |        56 
        13 |        46          0 |        46 
        14 |        42          0 |        42 
        15 |        42          0 |        42 
        16 |        57          0 |        57 
        17 |        49          0 |        49 
        18 |        54          0 |        54 
        19 |        47          0 |        47 
        20 |        50          0 |        50 
        21 |        49          0 |        49 
        22 |        52          0 |        52 
        23 |        56          0 |        56 
        24 |        49          0 |        49 
        25 |        56          0 |        56 
        26 |        58          0 |        58 
        27 |        54          0 |        54 
        28 |        51          0 |        51 
        29 |        57          0 |        57 
        30 |        46          0 |        46 
        31 |        50          0 |        50 
        32 |        56          0 |        56 
        33 |        47          0 |        47 
        34 |        66          0 |        66 
        35 |        49          0 |        49 
        36 |        55          0 |        55 
        37 |        53          0 |        53 
        38 |        52          0 |        52 
        39 |        53          0 |        53 
        40 |        48          0 |        48 
        41 |        50          0 |        50 
        42 |        52          0 |        52 
        43 |        47          0 |        47 
        44 |        45          0 |        45 
        45 |        41          0 |        41 
        46 |        49          0 |        49 
        47 |        52          0 |        52 
        48 |        52          0 |        52 
        49 |        41          0 |        41 
        50 |        44          0 |        44 
        51 |        54          0 |        54 
        52 |        54          0 |        54 
        53 |        55          0 |        55 
        54 |        61          0 |        61 
        55 |         0         29 |        29 
        56 |         0         24 |        24 
        57 |         0         20 |        20 
        58 |         0         26 |        26 
        59 |         0         29 |        29 
        60 |         0         34 |        34 
        61 |         0         31 |        31 
        62 |         0         27 |        27 
        63 |         0         33 |        33 
        64 |         0         26 |        26 
        65 |         0         31 |        31 
        66 |         0         32 |        32 
        67 |         0         26 |        26 
        68 |         0         32 |        32 
        69 |         0         29 |        29 
        70 |         0         28 |        28 
        71 |         0         34 |        34 
        72 |         0         28 |        28 
        73 |        52          0 |        52 
        74 |        42          0 |        42 
        75 |        41          0 |        41 
        76 |        57          0 |        57 
        77 |        56          0 |        56 
        78 |        44          0 |        44 
        79 |        49          0 |        49 
        80 |        43          0 |        43 
        81 |        44          0 |        44 
        82 |        50          0 |        50 
        83 |        51          0 |        51 
        84 |        56          0 |        56 
        85 |        42          0 |        42 
        86 |        42          0 |        42 
        87 |        49          0 |        49 
        88 |        47          0 |        47 
        89 |        45          0 |        45 
        90 |        54          0 |        54 
-----------+----------------------+----------
     Total |     3,621        519 |     4,140 

.         
. ******
. //  Year
. ******
.         fre year

year -- gss year for this respondent 
-----------------------------------------------------------
              |      Freq.    Percent      Valid       Cum.
--------------+--------------------------------------------
Valid   1996  |       1444      34.88      34.88      34.88
        2006  |       1523      36.79      36.79      71.67
        2018  |       1173      28.33      28.33     100.00
        Total |       4140     100.00     100.00           
-----------------------------------------------------------

.         *Add labels for plots
.         lab def yearlab 1996 "1996" 2006 "2006" 2018 "2018"

.         lab val year yearlab    

.         
. **************************************************************** 
. //  Charateristics of person in the vignette
. ****************************************************************
. 
. // Categories include:
. // Female (male), white (non-white), greater than HS (HS or less).
. 
. // In 2006, no respondents received the drug vignette 
. // so we replaced 2006 vignettes with missing   
. 
. ******
. // Sex
. ******
.         g vig_female = 0

.         replace vig_female = 1 if (vigversn >= 10 & vigversn <= 18) | ///
>                                                           (vigversn >= 28 & vi
> gversn <= 36) | ///
>                                                           (vigversn >= 46 & vi
> gversn <= 54) | ///
>                                                           (vigversn >= 82 & vi
> gversn <= 90)
(1,829 real changes made)

.                                                           
.             la var vig_female "Female Vignette Character?"

.                 la val vig_female yesno                                       
>     

.                                                           
. // 2006 missing drug vignette                                             
.         replace vig_female = . if vigversn >= 55 & vigversn <= 72 & year==2006
(0 real changes made)

. 
. ******
. // Race
. ******
. 
.         g vig_white = 0

.         
. // every third vignette is white        
.         
.         forval n=1(3)88{
  2.                 replace vig_white = 1 if vigversn==`n'
  3.         }
(49 real changes made)
(60 real changes made)
(53 real changes made)
(54 real changes made)
(46 real changes made)
(57 real changes made)
(47 real changes made)
(52 real changes made)
(56 real changes made)
(51 real changes made)
(50 real changes made)
(66 real changes made)
(53 real changes made)
(48 real changes made)
(47 real changes made)
(49 real changes made)
(41 real changes made)
(54 real changes made)
(29 real changes made)
(26 real changes made)
(31 real changes made)
(26 real changes made)
(26 real changes made)
(28 real changes made)
(52 real changes made)
(57 real changes made)
(49 real changes made)
(50 real changes made)
(42 real changes made)
(47 real changes made)

.                                                          
.                 la var vig_white "White Vignette Character?"

.                 la val vig_white yesno

.         
.         replace vig_white = . if vigversn >= 55 & vigversn <= 72 & year==2006
(0 real changes made)

.         
.         tab vigversn vig_white, m

           |    White Vignette
  Vignette |      Character?
 Version # |         0          1 |     Total
-----------+----------------------+----------
         1 |         0         49 |        49 
         2 |        50          0 |        50 
         3 |        47          0 |        47 
         4 |         0         60 |        60 
         5 |        48          0 |        48 
         6 |        58          0 |        58 
         7 |         0         53 |        53 
         8 |        44          0 |        44 
         9 |        43          0 |        43 
        10 |         0         54 |        54 
        11 |        54          0 |        54 
        12 |        56          0 |        56 
        13 |         0         46 |        46 
        14 |        42          0 |        42 
        15 |        42          0 |        42 
        16 |         0         57 |        57 
        17 |        49          0 |        49 
        18 |        54          0 |        54 
        19 |         0         47 |        47 
        20 |        50          0 |        50 
        21 |        49          0 |        49 
        22 |         0         52 |        52 
        23 |        56          0 |        56 
        24 |        49          0 |        49 
        25 |         0         56 |        56 
        26 |        58          0 |        58 
        27 |        54          0 |        54 
        28 |         0         51 |        51 
        29 |        57          0 |        57 
        30 |        46          0 |        46 
        31 |         0         50 |        50 
        32 |        56          0 |        56 
        33 |        47          0 |        47 
        34 |         0         66 |        66 
        35 |        49          0 |        49 
        36 |        55          0 |        55 
        37 |         0         53 |        53 
        38 |        52          0 |        52 
        39 |        53          0 |        53 
        40 |         0         48 |        48 
        41 |        50          0 |        50 
        42 |        52          0 |        52 
        43 |         0         47 |        47 
        44 |        45          0 |        45 
        45 |        41          0 |        41 
        46 |         0         49 |        49 
        47 |        52          0 |        52 
        48 |        52          0 |        52 
        49 |         0         41 |        41 
        50 |        44          0 |        44 
        51 |        54          0 |        54 
        52 |         0         54 |        54 
        53 |        55          0 |        55 
        54 |        61          0 |        61 
        55 |         0         29 |        29 
        56 |        24          0 |        24 
        57 |        20          0 |        20 
        58 |         0         26 |        26 
        59 |        29          0 |        29 
        60 |        34          0 |        34 
        61 |         0         31 |        31 
        62 |        27          0 |        27 
        63 |        33          0 |        33 
        64 |         0         26 |        26 
        65 |        31          0 |        31 
        66 |        32          0 |        32 
        67 |         0         26 |        26 
        68 |        32          0 |        32 
        69 |        29          0 |        29 
        70 |         0         28 |        28 
        71 |        34          0 |        34 
        72 |        28          0 |        28 
        73 |         0         52 |        52 
        74 |        42          0 |        42 
        75 |        41          0 |        41 
        76 |         0         57 |        57 
        77 |        56          0 |        56 
        78 |        44          0 |        44 
        79 |         0         49 |        49 
        80 |        43          0 |        43 
        81 |        44          0 |        44 
        82 |         0         50 |        50 
        83 |        51          0 |        51 
        84 |        56          0 |        56 
        85 |         0         42 |        42 
        86 |        42          0 |        42 
        87 |        49          0 |        49 
        88 |         0         47 |        47 
        89 |        45          0 |        45 
        90 |        54          0 |        54 
-----------+----------------------+----------
     Total |     2,744      1,396 |     4,140 

.                 
. ******
. // Education
. ******          
.         g vig_gths = 0 

.         replace vig_gths = 1 if  vigversn == 7/9   | vigversn == 16/18 |  ///
>                                                          vigversn == 25/27 | v
> igversn == 34/36 | ///
>                                                          vigversn == 43/45 | v
> igversn == 52/54 | ///
>                                                          vigversn == 61/63 | v
> igversn == 70/72 | ///
>                                                          vigversn == 79/81 | v
> igversn == 88/90 
(0 real changes made)

.                 
.                 la var vig_gths "Vignette Ed > High School?"

.                 la val vig_gths yesno

.                 
.         replace vig_gths = . if vigversn >= 55 & vigversn <= 72 & year==2006
(0 real changes made)

.         
. ****************************************************************
. // # Save and Close Out
. ****************************************************************
. 
. save "Data/mls-data01-conditions", replace
file Data/mls-data01-conditions.dta saved

. 
. log close
      name:  <unnamed>
       log:  /Users/bianca/Dropbox/_AcademicWork/Active/Research/-underReview/ML
> S_MatchingLabelingStigma/work_socius_2024_06_edited/mls-data01-conditions.log
  log type:  text
 closed on:  25 Sep 2024, 19:39:46
--------------------------------------------------------------------------------
