--------------------------------------------------------------------------------
      name:  <unnamed>
       log:  /Users/bianca/Dropbox/_AcademicWork/Active/Research/-underReview/ML
> S_MatchingLabelingStigma/work_socius_2024_09_other_imputed/mls-do00-descriptiv
> es.log
  log type:  text
 opened on:  26 Sep 2024, 10:45:34

.  
.  
. **********
. //#0 Setup      
. **********      
.  
.  version 17

.  set linesize 80

.  clear all

.  macro drop _all

.  set matsize 100, perm
(set matsize preference recorded)
set matsize ignored.
    Matrix sizes are no longer limited by c(matsize) in modern Statas.  Matrix
    sizes are now limited by edition of Stata.  See limits for more details.

. 
.  
.  local pgm   mls-do00-descriptives.do

.  local dte   2021-03-03

.  local who   bianca manago - trent mize

.  local tag   "`pgm'.do `who' `dte'"

.  
.  di "`tag'"
mls-do00-descriptives.do.do bianca manago - trent mize 2021-03-03

.  
. ****************************************************************
. //#1 Load Data
. **************************************************************** 
.  
. use "Data/mls-data07-mice-cont", clear  
(MLS - GSS Data | Matching Labeling Stigma | Multiple Imputation CE | mls-data07
> -)

. 
.  
. ****************************************************************
. //#2 Descriptives + tables
. ****************************************************************
. 
. *Figure A4: DV distribution
. hist socdistSS, percent xlab(1(.5)4) ///
>         ytitle("Percent of sample") ///
>         xtitle("Social distance summated (and averaged) scale")
(bin=35, start=1, width=.08571429)

. 
.         graph export "Graphs/mls-do00-hist_socdistSS.png", replace
file
    /Users/bianca/Dropbox/_AcademicWork/Active/Research/-underReview/MLS_Match
    > ingLabelingStigma/work_socius_2024_09_other_imputed/Graphs/mls-do00-hist
    > _socdistSS.png saved as PNG format

. *       graph export "Graphs/mls-do00-hist_socdistSS.emf", replace
.         
.         
. *Table 1: Desctable can calculate MI stats
. local dv "socdistSS" 

. local iv "i.L_mentlillB" 

. local cvs "i.cntct_tot i.cntct_so4 i.cntct_val4"

. local cvs "`cvs' age i.female i.race i.region i.metro coninc i.degree"

. local evs "i.vignorm i.vigdrug i.vigalc i.vigschiz i.vigdep i.year"

. 
. sum     `dv' `iv' `evs' `cvs'

    Variable |        Obs        Mean    Std. dev.       Min        Max
-------------+---------------------------------------------------------
   socdistSS |      3,920    2.444043    .7198477          1          4
             |
 L_mentlillB |
NoLab Mnt..  |      3,815    .4047182    .4909018          0          1
Lab MntlI..  |      3,815    .5952818    .4909018          0          1
             |
     vignorm |
Other vig..  |      3,920    .7920918    .4058625          0          1
Daily tro..  |      3,920    .2079082    .4058625          0          1
-------------+---------------------------------------------------------
             |
     vigdrug |
Other vig..  |      3,920    .8711735    .3350506          0          1
       Drug  |      3,920    .1288265    .3350506          0          1
             |
      vigalc |
Other vig..  |      3,920    .7808673    .4137115          0          1
    Alcohol  |      3,920    .2191327    .4137115          0          1
             |
    vigschiz |
Other vig..  |      3,920     .784949    .4109102          0          1
-------------+---------------------------------------------------------
Schizophr~a  |      3,920     .215051    .4109102          0          1
             |
      vigdep |
Other vig..  |      3,920    .7709184    .4202955          0          1
 Depression  |      3,920    .2290816    .4202955          0          1
             |
        year |
       1996  |      3,920     .357398    .4792945          0          1
       2006  |      3,920    .3540816    .4782951          0          1
-------------+---------------------------------------------------------
       2018  |      3,920    .2885204    .4531322          0          1
             |
   cntct_tot |
 no contact  |      3,726    .4302201    .4951733          0          1
contact w..  |      3,726    .5697799    .4951733          0          1
             |
   cntct_so4 |
 No Contact  |      3,726    .4302201    .4951733          0          1
Other Con..  |      3,726    .4857756    .4998647          0          1
-------------+---------------------------------------------------------
Self Cont..  |      3,726    .0118089    .1080398          0          1
       Both  |      3,726    .0721954    .2588459          0          1
             |
  cntct_val4 |
 No Contact  |      3,726    .4302201    .4951733          0          1
Any Contact  |      3,726    .3319914    .4709911          0          1
Bad Contact  |      3,726    .1239936    .3296184          0          1
-------------+---------------------------------------------------------
Good Cont..  |      3,726     .113795    .3176047          0          1
             |
         age |      3,917    46.66735    17.39997         18         89
             |
      female |
       male  |      3,920    .4545918    .4979974          0          1
     female  |      3,920    .5454082    .4979974          0          1
             |
        race |
      white  |      3,920    .7640306    .4246573          0          1
-------------+---------------------------------------------------------
      black  |      3,920    .1505102    .3576164          0          1
 other race  |      3,920    .0854592    .2795995          0          1
             |
      region |
new england  |      3,920    .0456633    .2087804          0          1
middle at..  |      3,920     .122449    .3278455          0          1
e. nor. c..  |      3,920    .1729592    .3782602          0          1
-------------+---------------------------------------------------------
w. nor. c..  |      3,920    .0614796    .2402386          0          1
south atl..  |      3,920    .2063776    .4047563          0          1
e. sou. c..  |      3,920    .0658163    .2479924          0          1
w. sou. c..  |      3,920    .1056122    .3073799          0          1
   mountain  |      3,920    .0737245    .2613553          0          1
-------------+---------------------------------------------------------
    pacific  |      3,920    .1459184    .3530694          0          1
             |
       metro |
   NonMetro  |      3,920    .7806122    .4138846          0          1
  MetroArea  |      3,920    .2193878    .4138846          0          1
             |
      coninc |      3,493    49.21765    40.09406      .3505    178.266
             |
      degree |
lt high s..  |      3,916    .1279367    .3340619          0          1
-------------+---------------------------------------------------------
high school  |      3,916     .512002    .4999198          0          1
junior co..  |      3,916    .0827375    .2755202          0          1
   bachelor  |      3,916    .1815628     .385533          0          1
   graduate  |      3,916     .095761    .2943008          0          1

. desctable `dv' `iv' `evs' `cvs', file("Tables/mls-do00-descriptives-ALL_2024-0
> 9-26") ///
>         stat(mimean misemean)
Sample size reported at the top of the table is # of total observations in the d
> ata.
Most statistics reported by desctable utilize only complete observations;
any mi statistic also utilizes imputed data.


To view the # of complete, incomplete, and imputed observations use mi describe.
..

Descriptive statistics table has been saved in the folder:
/Users/bianca/Dropbox/_AcademicWork/Active/Research/-underReview/MLS_MatchingLab
> elingStigma/work_socius_2024_09_other_imputed

. 
end of do-file

. do "/var/folders/_y/_t377x351g5dsv7yy2v76gbr0000gq/T//SD96294.000000"

. capture log close
