--------------------------------------------------------------------------------
      name:  <unnamed>
       log:  /Users/bianca/Dropbox/_AcademicWork/Active/Research/-underReview/ML
> S_MatchingLabelingStigma/work_socius_2024_06_edited/mls-data02-label_name_reco
> de.log
  log type:  text
 opened on:  25 Sep 2024, 19:39:54

.  
. **********
. /// #0 Setup    
> **********      
.  
.  version 15.1

.  set linesize 80

.  clear all

.  macro drop _all

.  set matsize 100, perm
(set matsize preference recorded)

.  
.  set seed     1234

.  set sortseed 1234

. 
.  local pgm   mls-data02-label_name_recode.do

.  local dte   2023-10-06

.  local who   bianca manago

.  local tag   "`pgm'.do `who' `dte'"

.  
.  di "`tag'"
mls-data02-label_name_recode.do.do bianca manago 2023-10-06

. 
. 
. ****************************************************************
. // #1 Load Data
. ****************************************************************
. use "Data/mls-data01-conditions", clear

. 
. **************************************************************** 
. // Labeling & Recoding Into Binary to Mirror Previous GSS Papers
. ****************************************************************        
.         
. **********
. /// LABEL
> **********      
. 
.         revrs  mentlill // higher numbers more likely to be mental illness

.         rename revmentlill L_mentlill

. 
. // recode but maintain missingness      
.         recode L_mentlill (3/4=1 "Lab MntlIllness") ///
>                         (1/2=0 "NoLab MntlIllness ") ///
>                         (.d=.d) (.i=.i) (.n=.n), gen(L_mentlillB)
(3855 differences between L_mentlill and L_mentlillB)

.                 label var L_mentlillB "Very Likely/Likely Mental Illness"

.                 
.         tab L_mentlill L_mentlillB, m

  how likely x is |
     experiencing |      Very Likely/Likely Mental Illness
   mental illness | NoLab Mnt  Lab MntlI         .d         .i |     Total
------------------+--------------------------------------------+----------
not at all likely |       503          0          0          0 |       503 
  not very likely |     1,056          0          0          0 |     1,056 
  somewhat likely |         0      1,378          0          0 |     1,378 
      very likely |         0        918          0          0 |       918 
               .d |         0          0        132          0 |       132 
               .i |         0          0          0         86 |        86 
               .n |         0          0          0          0 |        67 
------------------+--------------------------------------------+----------
            Total |     1,559      2,296        132         86 |     4,140 


                  |    Very
                  | Likely/Lik
  how likely x is | ely Mental
     experiencing |  Illness
   mental illness |        .n |     Total
------------------+-----------+----------
not at all likely |         0 |       503 
  not very likely |         0 |     1,056 
  somewhat likely |         0 |     1,378 
      very likely |         0 |       918 
               .d |         0 |       132 
               .i |         0 |        86 
               .n |        67 |        67 
------------------+-----------+----------
            Total |        67 |     4,140 

.         tab mentlill L_mentlillB, m

  how likely x is |
     experiencing |      Very Likely/Likely Mental Illness
   mental illness | NoLab Mnt  Lab MntlI         .d         .i |     Total
------------------+--------------------------------------------+----------
      very likely |         0        918          0          0 |       918 
  somewhat likely |         0      1,378          0          0 |     1,378 
  not very likely |     1,056          0          0          0 |     1,056 
not at all likely |       503          0          0          0 |       503 
        DONT KNOW |         0          0        132          0 |       132 
              IAP |         0          0          0         86 |        86 
               NA |         0          0          0          0 |        67 
------------------+--------------------------------------------+----------
            Total |     1,559      2,296        132         86 |     4,140 


                  |    Very
                  | Likely/Lik
  how likely x is | ely Mental
     experiencing |  Illness
   mental illness |        .n |     Total
------------------+-----------+----------
      very likely |         0 |       918 
  somewhat likely |         0 |     1,378 
  not very likely |         0 |     1,056 
not at all likely |         0 |       503 
        DONT KNOW |         0 |       132 
              IAP |         0 |        86 
               NA |        67 |        67 
------------------+-----------+----------
            Total |        67 |     4,140 

.                 
. 
. **********
. /// SOCIAL DISTANCE     
> **********              
. 
.         rename vignei    s_nextdoor

.         rename vigsoc    s_social 

.         rename vigfrnd   s_friends 

.         rename vigwork   s_work 

.         rename vigmar    s_marry 

.         rename viggrp    s_grphome

.                         
.         unab vars: s_nextdoor s_social s_friends s_work s_marry s_grphome

.         
. // creating binary as created in other GSS papers (namely Martin)       
.         foreach v in `vars' {
  2.                 recode `v' (1/2=0) (3/4=1) (.d=0), gen(`v'B)
  3.                 la val `v'B unwilling
  4.                 local varlbl : variable label `v' 
  5.                 la var `v'B "Bin: `varlbl'" 
  6.                 ta `v' `v'B, m
  7.            }    
(3985 differences between s_nextdoor and s_nextdoorB)

                     |    Bin: how willing r would have x as a
 how willing r would |                  neighbor
have x as a neighbor |         0          1         .i         .n |     Total
---------------------+--------------------------------------------+----------
  definitely willing |       722          0          0          0 |       722 
    probably willing |     1,841          0          0          0 |     1,841 
  probably unwilling |         0        830          0          0 |       830 
definitely unwilling |         0        466          0          0 |       466 
           DONT KNOW |       126          0          0          0 |       126 
                 IAP |         0          0         86          0 |        86 
                  NA |         0          0          0         69 |        69 
---------------------+--------------------------------------------+----------
               Total |     2,689      1,296         86         69 |     4,140 
(3986 differences between s_social and s_socialB)

 how willing r would |     Bin: how willing r would spend time
          spend time |             socializing with x
  socializing with x |         0          1         .i         .n |     Total
---------------------+--------------------------------------------+----------
  definitely willing |       653          0          0          0 |       653 
    probably willing |     1,657          0          0          0 |     1,657 
  probably unwilling |         0        972          0          0 |       972 
definitely unwilling |         0        619          0          0 |       619 
           DONT KNOW |        85          0          0          0 |        85 
                 IAP |         0          0         86          0 |        86 
                  NA |         0          0          0         68 |        68 
---------------------+--------------------------------------------+----------
               Total |     2,395      1,591         86         68 |     4,140 
(3984 differences between s_friends and s_friendsB)

                     | Bin: how willing r would make friends with
 how willing r would |                      x
 make friends with x |         0          1         .i         .n |     Total
---------------------+--------------------------------------------+----------
  definitely willing |       786          0          0          0 |       786 
    probably willing |     1,958          0          0          0 |     1,958 
  probably unwilling |         0        762          0          0 |       762 
definitely unwilling |         0        376          0          0 |       376 
           DONT KNOW |       102          0          0          0 |       102 
                 IAP |         0          0         86          0 |        86 
                  NA |         0          0          0         70 |        70 
---------------------+--------------------------------------------+----------
               Total |     2,846      1,138         86         70 |     4,140 
(3986 differences between s_work and s_workB)

 how willing r would | Bin: how willing r would work closely with
 work closely with x |                 x on a job
            on a job |         0          1         .i         .n |     Total
---------------------+--------------------------------------------+----------
  definitely willing |       445          0          0          0 |       445 
    probably willing |     1,267          0          0          0 |     1,267 
  probably unwilling |         0      1,179          0          0 |     1,179 
definitely unwilling |         0        952          0          0 |       952 
           DONT KNOW |       143          0          0          0 |       143 
                 IAP |         0          0         86          0 |        86 
                  NA |         0          0          0         68 |        68 
---------------------+--------------------------------------------+----------
               Total |     1,855      2,131         86         68 |     4,140 
(3977 differences between s_marry and s_marryB)

 how willing r would |  Bin: how willing r would have x marry in
 have x marry in r's |                 r's family
              family |         0          1         .i         .n |     Total
---------------------+--------------------------------------------+----------
  definitely willing |       350          0          0          0 |       350 
    probably willing |     1,047          0          0          0 |     1,047 
  probably unwilling |         0      1,188          0          0 |     1,188 
definitely unwilling |         0      1,183          0          0 |     1,183 
           DONT KNOW |       209          0          0          0 |       209 
                 IAP |         0          0         86          0 |        86 
                  NA |         0          0          0         77 |        77 
---------------------+--------------------------------------------+----------
               Total |     1,606      2,371         86         77 |     4,140 
(3980 differences between s_grphome and s_grphomeB)

 how willing r would | Bin: how willing r would have a group home
   have a group home |                    for x
               for x |         0          1         .i         .n |     Total
---------------------+--------------------------------------------+----------
  definitely willing |       808          0          0          0 |       808 
    probably willing |     1,664          0          0          0 |     1,664 
  probably unwilling |         0        808          0          0 |       808 
definitely unwilling |         0        548          0          0 |       548 
           DONT KNOW |       152          0          0          0 |       152 
                 IAP |         0          0         86          0 |        86 
                  NA |         0          0          0         74 |        74 
---------------------+--------------------------------------------+----------
               Total |     2,624      1,356         86         74 |     4,140 

.                 
. **********
. ///  ATTRIBUTIONS       
> **********      
. 
.         unab vars:  upsdowns breakdwn physill imbalnce genetics ///
>                                 stresses wayraise charactr godswill 

.         
.         la def likely 0 "UnLikely" 1 "Likely"

.                 
.         foreach v in `vars' {
  2.                 g a_`v'R = `v'
  3.                 recode a_`v'R (1/2=1) (3/4=0)
  4.                 la value a_`v'R likely
  5.                 local varlbl : variable label `v' 
  6.                 la variable a_`v'R "Bin: `varlbl'"  
  7.                 ta `v' a_`v'R, m
  8.            } 
(219 missing values generated)
(2758 changes made to a_upsdownsR)

  how likely x is |
     experiencing |
           normal |  Bin: how likely x is experiencing normal
 ups-and-downs of |            ups-and-downs of life
             life |  UnLikely     Likely         .d         .i |     Total
------------------+--------------------------------------------+----------
      very likely |         0      1,163          0          0 |     1,163 
  somewhat likely |         0      1,361          0          0 |     1,361 
  not very likely |       843          0          0          0 |       843 
not at all likely |       554          0          0          0 |       554 
        DONT KNOW |         0          0         65          0 |        65 
              IAP |         0          0          0         86 |        86 
               NA |         0          0          0          0 |        68 
------------------+--------------------------------------------+----------
            Total |     1,397      2,524         65         86 |     4,140 


                  |  Bin: how
                  |  likely x
                  |     is
                  | experienci
  how likely x is | ng normal
     experiencing | ups-and-do
           normal |   wns of
 ups-and-downs of |    life
             life |        .n |     Total
------------------+-----------+----------
      very likely |         0 |     1,163 
  somewhat likely |         0 |     1,361 
  not very likely |         0 |       843 
not at all likely |         0 |       554 
        DONT KNOW |         0 |        65 
              IAP |         0 |        86 
               NA |        68 |        68 
------------------+-----------+----------
            Total |        68 |     4,140 
(285 missing values generated)
(3131 changes made to a_breakdwnR)

  how likely x is |  Bin: how likely x is experiencing nervous
     experiencing |                  breakdown
nervous breakdown |  UnLikely     Likely         .d         .i |     Total
------------------+--------------------------------------------+----------
      very likely |         0        724          0          0 |       724 
  somewhat likely |         0      1,451          0          0 |     1,451 
  not very likely |     1,126          0          0          0 |     1,126 
not at all likely |       554          0          0          0 |       554 
        DONT KNOW |         0          0        131          0 |       131 
              IAP |         0          0          0         86 |        86 
               NA |         0          0          0          0 |        68 
------------------+--------------------------------------------+----------
            Total |     1,680      2,175        131         86 |     4,140 


                  |  Bin: how
                  |  likely x
                  |     is
                  | experienci
  how likely x is | ng nervous
     experiencing | breakdown
nervous breakdown |        .n |     Total
------------------+-----------+----------
      very likely |         0 |       724 
  somewhat likely |         0 |     1,451 
  not very likely |         0 |     1,126 
not at all likely |         0 |       554 
        DONT KNOW |         0 |       131 
              IAP |         0 |        86 
               NA |        68 |        68 
------------------+-----------+----------
            Total |        68 |     4,140 
(295 missing values generated)
(3320 changes made to a_physillR)

  how likely x is | Bin: how likely x is experiencing physical
     experiencing |                   illness
 physical illness |  UnLikely     Likely         .d         .i |     Total
------------------+--------------------------------------------+----------
      very likely |         0        525          0          0 |       525 
  somewhat likely |         0      1,547          0          0 |     1,547 
  not very likely |     1,214          0          0          0 |     1,214 
not at all likely |       559          0          0          0 |       559 
        DONT KNOW |         0          0        135          0 |       135 
              IAP |         0          0          0         86 |        86 
               NA |         0          0          0          0 |        74 
------------------+--------------------------------------------+----------
            Total |     1,773      2,072        135         86 |     4,140 


                  |  Bin: how
                  |  likely x
                  |     is
                  | experienci
                  |     ng
  how likely x is |  physical
     experiencing |  illness
 physical illness |        .n |     Total
------------------+-----------+----------
      very likely |         0 |       525 
  somewhat likely |         0 |     1,547 
  not very likely |         0 |     1,214 
not at all likely |         0 |       559 
        DONT KNOW |         0 |       135 
              IAP |         0 |        86 
               NA |        74 |        74 
------------------+-----------+----------
            Total |        74 |     4,140 
(346 missing values generated)
(2770 changes made to a_imbalnceR)

   how likely x s |
 situation caused |   Bin: how likely x s situation caused by
  by imbalance in |             imbalance in brain
            brain |  UnLikely     Likely         .d         .i |     Total
------------------+--------------------------------------------+----------
      very likely |         0      1,024          0          0 |     1,024 
  somewhat likely |         0      1,667          0          0 |     1,667 
  not very likely |       724          0          0          0 |       724 
not at all likely |       379          0          0          0 |       379 
        DONT KNOW |         0          0        202          0 |       202 
              IAP |         0          0          0         86 |        86 
               NA |         0          0          0          0 |        58 
------------------+--------------------------------------------+----------
            Total |     1,103      2,691        202         86 |     4,140 


                  |  Bin: how
                  | likely x s
                  | situation
   how likely x s | caused by
 situation caused | imbalance
  by imbalance in |  in brain
            brain |        .n |     Total
------------------+-----------+----------
      very likely |         0 |     1,024 
  somewhat likely |         0 |     1,667 
  not very likely |         0 |       724 
not at all likely |         0 |       379 
        DONT KNOW |         0 |       202 
              IAP |         0 |        86 
               NA |        58 |        58 
------------------+-----------+----------
            Total |        58 |     4,140 
(309 missing values generated)
(3308 changes made to a_geneticsR)

   how likely x s |
 situation caused |   Bin: how likely x s situation caused by
       by genetic |               genetic problem
          problem |  UnLikely     Likely         .d         .i |     Total
------------------+--------------------------------------------+----------
      very likely |         0        523          0          0 |       523 
  somewhat likely |         0      1,686          0          0 |     1,686 
  not very likely |     1,038          0          0          0 |     1,038 
not at all likely |       584          0          0          0 |       584 
        DONT KNOW |         0          0        164          0 |       164 
              IAP |         0          0          0         86 |        86 
               NA |         0          0          0          0 |        59 
------------------+--------------------------------------------+----------
            Total |     1,622      2,209        164         86 |     4,140 


                  |  Bin: how
                  | likely x s
                  | situation
   how likely x s | caused by
 situation caused |  genetic
       by genetic |  problem
          problem |        .n |     Total
------------------+-----------+----------
      very likely |         0 |       523 
  somewhat likely |         0 |     1,686 
  not very likely |         0 |     1,038 
not at all likely |         0 |       584 
        DONT KNOW |         0 |       164 
              IAP |         0 |        86 
               NA |        59 |        59 
------------------+-----------+----------
            Total |        59 |     4,140 
(232 missing values generated)
(2458 changes made to a_stressesR)

   how likely x s |   Bin: how likely x s situation caused by
 situation caused |                   stress
        by stress |  UnLikely     Likely         .d         .i |     Total
------------------+--------------------------------------------+----------
      very likely |         0      1,450          0          0 |     1,450 
  somewhat likely |         0      2,018          0          0 |     2,018 
  not very likely |       288          0          0          0 |       288 
not at all likely |       152          0          0          0 |       152 
        DONT KNOW |         0          0         87          0 |        87 
              IAP |         0          0          0         86 |        86 
               NA |         0          0          0          0 |        59 
------------------+--------------------------------------------+----------
            Total |       440      3,468         87         86 |     4,140 


                  |  Bin: how
                  | likely x s
                  | situation
   how likely x s | caused by
 situation caused |   stress
        by stress |        .n |     Total
------------------+-----------+----------
      very likely |         0 |     1,450 
  somewhat likely |         0 |     2,018 
  not very likely |         0 |       288 
not at all likely |         0 |       152 
        DONT KNOW |         0 |        87 
              IAP |         0 |        86 
               NA |        59 |        59 
------------------+-----------+----------
            Total |        59 |     4,140 
(282 missing values generated)
(3462 changes made to a_wayraiseR)

   how likely x s | Bin: how likely x s situation caused by the
 situation caused |                 way raised
by the way raised |  UnLikely     Likely         .d         .i |     Total
------------------+--------------------------------------------+----------
      very likely |         0        396          0          0 |       396 
  somewhat likely |         0      1,545          0          0 |     1,545 
  not very likely |     1,183          0          0          0 |     1,183 
not at all likely |       734          0          0          0 |       734 
        DONT KNOW |         0          0        134          0 |       134 
              IAP |         0          0          0         86 |        86 
               NA |         0          0          0          0 |        62 
------------------+--------------------------------------------+----------
            Total |     1,917      1,941        134         86 |     4,140 


                  |  Bin: how
                  | likely x s
                  | situation
                  | caused by
   how likely x s |  the way
 situation caused |   raised
by the way raised |        .n |     Total
------------------+-----------+----------
      very likely |         0 |       396 
  somewhat likely |         0 |     1,545 
  not very likely |         0 |     1,183 
not at all likely |         0 |       734 
        DONT KNOW |         0 |       134 
              IAP |         0 |        86 
               NA |        62 |        62 
------------------+-----------+----------
            Total |        62 |     4,140 
(251 missing values generated)
(3294 changes made to a_charactrR)

   how likely x s | Bin: how likely x s situation caused by bad
 situation caused |                 character 
by bad character  |  UnLikely     Likely         .d         .i |     Total
------------------+--------------------------------------------+----------
      very likely |         0        595          0          0 |       595 
  somewhat likely |         0      1,110          0          0 |     1,110 
  not very likely |     1,258          0          0          0 |     1,258 
not at all likely |       926          0          0          0 |       926 
        DONT KNOW |         0          0        105          0 |       105 
              IAP |         0          0          0         86 |        86 
               NA |         0          0          0          0 |        60 
------------------+--------------------------------------------+----------
            Total |     2,184      1,705        105         86 |     4,140 


                  |  Bin: how
                  | likely x s
                  | situation
                  | caused by
   how likely x s |    bad
 situation caused | character 
by bad character  |        .n |     Total
------------------+-----------+----------
      very likely |         0 |       595 
  somewhat likely |         0 |     1,110 
  not very likely |         0 |     1,258 
not at all likely |         0 |       926 
        DONT KNOW |         0 |       105 
              IAP |         0 |        86 
               NA |        60 |        60 
------------------+-----------+----------
            Total |        60 |     4,140 
(276 missing values generated)
(3695 changes made to a_godswillR)

   how likely x s | Bin: how likely x s situation caused by god
 situation caused |                   s will
    by god s will |  UnLikely     Likely         .d         .i |     Total
------------------+--------------------------------------------+----------
      very likely |         0        169          0          0 |       169 
  somewhat likely |         0        367          0          0 |       367 
  not very likely |       969          0          0          0 |       969 
not at all likely |     2,359          0          0          0 |     2,359 
        DONT KNOW |         0          0        128          0 |       128 
              IAP |         0          0          0         86 |        86 
               NA |         0          0          0          0 |        62 
------------------+--------------------------------------------+----------
            Total |     3,328        536        128         86 |     4,140 


                  |  Bin: how
                  | likely x s
                  | situation
   how likely x s | caused by
 situation caused | god s will
    by god s will |        .n |     Total
------------------+-----------+----------
      very likely |         0 |       169 
  somewhat likely |         0 |       367 
  not very likely |         0 |       969 
not at all likely |         0 |     2,359 
        DONT KNOW |         0 |       128 
              IAP |         0 |        86 
               NA |        62 |        62 
------------------+-----------+----------
            Total |        62 |     4,140 

.            
.            
.         unab vars:  upsdowns breakdwn physill imbalnce genetics ///
>                                 stresses wayraise charactr godswill 

.         
.         la def Vlikely 0 "UnLikely" 1 "VeryLikely"

.                 
.         foreach v in `vars' {
  2.                 g a_`v'RV = `v'
  3.                 recode a_`v'RV (1=1) (2/4=0)
  4.                 la value a_`v'RV Vlikely
  5.                 local varlbl : variable label `v' 
  6.                 la variable a_`v'RV "Bin: `varlbl'"  
  7.                 ta `v' a_`v'RV, m
  8.            } 
(219 missing values generated)
(2758 changes made to a_upsdownsRV)

  how likely x is |
     experiencing |
           normal |  Bin: how likely x is experiencing normal
 ups-and-downs of |            ups-and-downs of life
             life |  UnLikely  VeryLikel         .d         .i |     Total
------------------+--------------------------------------------+----------
      very likely |         0      1,163          0          0 |     1,163 
  somewhat likely |     1,361          0          0          0 |     1,361 
  not very likely |       843          0          0          0 |       843 
not at all likely |       554          0          0          0 |       554 
        DONT KNOW |         0          0         65          0 |        65 
              IAP |         0          0          0         86 |        86 
               NA |         0          0          0          0 |        68 
------------------+--------------------------------------------+----------
            Total |     2,758      1,163         65         86 |     4,140 


                  |  Bin: how
                  |  likely x
                  |     is
                  | experienci
  how likely x is | ng normal
     experiencing | ups-and-do
           normal |   wns of
 ups-and-downs of |    life
             life |        .n |     Total
------------------+-----------+----------
      very likely |         0 |     1,163 
  somewhat likely |         0 |     1,361 
  not very likely |         0 |       843 
not at all likely |         0 |       554 
        DONT KNOW |         0 |        65 
              IAP |         0 |        86 
               NA |        68 |        68 
------------------+-----------+----------
            Total |        68 |     4,140 
(285 missing values generated)
(3131 changes made to a_breakdwnRV)

  how likely x is |  Bin: how likely x is experiencing nervous
     experiencing |                  breakdown
nervous breakdown |  UnLikely  VeryLikel         .d         .i |     Total
------------------+--------------------------------------------+----------
      very likely |         0        724          0          0 |       724 
  somewhat likely |     1,451          0          0          0 |     1,451 
  not very likely |     1,126          0          0          0 |     1,126 
not at all likely |       554          0          0          0 |       554 
        DONT KNOW |         0          0        131          0 |       131 
              IAP |         0          0          0         86 |        86 
               NA |         0          0          0          0 |        68 
------------------+--------------------------------------------+----------
            Total |     3,131        724        131         86 |     4,140 


                  |  Bin: how
                  |  likely x
                  |     is
                  | experienci
  how likely x is | ng nervous
     experiencing | breakdown
nervous breakdown |        .n |     Total
------------------+-----------+----------
      very likely |         0 |       724 
  somewhat likely |         0 |     1,451 
  not very likely |         0 |     1,126 
not at all likely |         0 |       554 
        DONT KNOW |         0 |       131 
              IAP |         0 |        86 
               NA |        68 |        68 
------------------+-----------+----------
            Total |        68 |     4,140 
(295 missing values generated)
(3320 changes made to a_physillRV)

  how likely x is | Bin: how likely x is experiencing physical
     experiencing |                   illness
 physical illness |  UnLikely  VeryLikel         .d         .i |     Total
------------------+--------------------------------------------+----------
      very likely |         0        525          0          0 |       525 
  somewhat likely |     1,547          0          0          0 |     1,547 
  not very likely |     1,214          0          0          0 |     1,214 
not at all likely |       559          0          0          0 |       559 
        DONT KNOW |         0          0        135          0 |       135 
              IAP |         0          0          0         86 |        86 
               NA |         0          0          0          0 |        74 
------------------+--------------------------------------------+----------
            Total |     3,320        525        135         86 |     4,140 


                  |  Bin: how
                  |  likely x
                  |     is
                  | experienci
                  |     ng
  how likely x is |  physical
     experiencing |  illness
 physical illness |        .n |     Total
------------------+-----------+----------
      very likely |         0 |       525 
  somewhat likely |         0 |     1,547 
  not very likely |         0 |     1,214 
not at all likely |         0 |       559 
        DONT KNOW |         0 |       135 
              IAP |         0 |        86 
               NA |        74 |        74 
------------------+-----------+----------
            Total |        74 |     4,140 
(346 missing values generated)
(2770 changes made to a_imbalnceRV)

   how likely x s |
 situation caused |   Bin: how likely x s situation caused by
  by imbalance in |             imbalance in brain
            brain |  UnLikely  VeryLikel         .d         .i |     Total
------------------+--------------------------------------------+----------
      very likely |         0      1,024          0          0 |     1,024 
  somewhat likely |     1,667          0          0          0 |     1,667 
  not very likely |       724          0          0          0 |       724 
not at all likely |       379          0          0          0 |       379 
        DONT KNOW |         0          0        202          0 |       202 
              IAP |         0          0          0         86 |        86 
               NA |         0          0          0          0 |        58 
------------------+--------------------------------------------+----------
            Total |     2,770      1,024        202         86 |     4,140 


                  |  Bin: how
                  | likely x s
                  | situation
   how likely x s | caused by
 situation caused | imbalance
  by imbalance in |  in brain
            brain |        .n |     Total
------------------+-----------+----------
      very likely |         0 |     1,024 
  somewhat likely |         0 |     1,667 
  not very likely |         0 |       724 
not at all likely |         0 |       379 
        DONT KNOW |         0 |       202 
              IAP |         0 |        86 
               NA |        58 |        58 
------------------+-----------+----------
            Total |        58 |     4,140 
(309 missing values generated)
(3308 changes made to a_geneticsRV)

   how likely x s |
 situation caused |   Bin: how likely x s situation caused by
       by genetic |               genetic problem
          problem |  UnLikely  VeryLikel         .d         .i |     Total
------------------+--------------------------------------------+----------
      very likely |         0        523          0          0 |       523 
  somewhat likely |     1,686          0          0          0 |     1,686 
  not very likely |     1,038          0          0          0 |     1,038 
not at all likely |       584          0          0          0 |       584 
        DONT KNOW |         0          0        164          0 |       164 
              IAP |         0          0          0         86 |        86 
               NA |         0          0          0          0 |        59 
------------------+--------------------------------------------+----------
            Total |     3,308        523        164         86 |     4,140 


                  |  Bin: how
                  | likely x s
                  | situation
   how likely x s | caused by
 situation caused |  genetic
       by genetic |  problem
          problem |        .n |     Total
------------------+-----------+----------
      very likely |         0 |       523 
  somewhat likely |         0 |     1,686 
  not very likely |         0 |     1,038 
not at all likely |         0 |       584 
        DONT KNOW |         0 |       164 
              IAP |         0 |        86 
               NA |        59 |        59 
------------------+-----------+----------
            Total |        59 |     4,140 
(232 missing values generated)
(2458 changes made to a_stressesRV)

   how likely x s |   Bin: how likely x s situation caused by
 situation caused |                   stress
        by stress |  UnLikely  VeryLikel         .d         .i |     Total
------------------+--------------------------------------------+----------
      very likely |         0      1,450          0          0 |     1,450 
  somewhat likely |     2,018          0          0          0 |     2,018 
  not very likely |       288          0          0          0 |       288 
not at all likely |       152          0          0          0 |       152 
        DONT KNOW |         0          0         87          0 |        87 
              IAP |         0          0          0         86 |        86 
               NA |         0          0          0          0 |        59 
------------------+--------------------------------------------+----------
            Total |     2,458      1,450         87         86 |     4,140 


                  |  Bin: how
                  | likely x s
                  | situation
   how likely x s | caused by
 situation caused |   stress
        by stress |        .n |     Total
------------------+-----------+----------
      very likely |         0 |     1,450 
  somewhat likely |         0 |     2,018 
  not very likely |         0 |       288 
not at all likely |         0 |       152 
        DONT KNOW |         0 |        87 
              IAP |         0 |        86 
               NA |        59 |        59 
------------------+-----------+----------
            Total |        59 |     4,140 
(282 missing values generated)
(3462 changes made to a_wayraiseRV)

   how likely x s | Bin: how likely x s situation caused by the
 situation caused |                 way raised
by the way raised |  UnLikely  VeryLikel         .d         .i |     Total
------------------+--------------------------------------------+----------
      very likely |         0        396          0          0 |       396 
  somewhat likely |     1,545          0          0          0 |     1,545 
  not very likely |     1,183          0          0          0 |     1,183 
not at all likely |       734          0          0          0 |       734 
        DONT KNOW |         0          0        134          0 |       134 
              IAP |         0          0          0         86 |        86 
               NA |         0          0          0          0 |        62 
------------------+--------------------------------------------+----------
            Total |     3,462        396        134         86 |     4,140 


                  |  Bin: how
                  | likely x s
                  | situation
                  | caused by
   how likely x s |  the way
 situation caused |   raised
by the way raised |        .n |     Total
------------------+-----------+----------
      very likely |         0 |       396 
  somewhat likely |         0 |     1,545 
  not very likely |         0 |     1,183 
not at all likely |         0 |       734 
        DONT KNOW |         0 |       134 
              IAP |         0 |        86 
               NA |        62 |        62 
------------------+-----------+----------
            Total |        62 |     4,140 
(251 missing values generated)
(3294 changes made to a_charactrRV)

   how likely x s | Bin: how likely x s situation caused by bad
 situation caused |                 character 
by bad character  |  UnLikely  VeryLikel         .d         .i |     Total
------------------+--------------------------------------------+----------
      very likely |         0        595          0          0 |       595 
  somewhat likely |     1,110          0          0          0 |     1,110 
  not very likely |     1,258          0          0          0 |     1,258 
not at all likely |       926          0          0          0 |       926 
        DONT KNOW |         0          0        105          0 |       105 
              IAP |         0          0          0         86 |        86 
               NA |         0          0          0          0 |        60 
------------------+--------------------------------------------+----------
            Total |     3,294        595        105         86 |     4,140 


                  |  Bin: how
                  | likely x s
                  | situation
                  | caused by
   how likely x s |    bad
 situation caused | character 
by bad character  |        .n |     Total
------------------+-----------+----------
      very likely |         0 |       595 
  somewhat likely |         0 |     1,110 
  not very likely |         0 |     1,258 
not at all likely |         0 |       926 
        DONT KNOW |         0 |       105 
              IAP |         0 |        86 
               NA |        60 |        60 
------------------+-----------+----------
            Total |        60 |     4,140 
(276 missing values generated)
(3695 changes made to a_godswillRV)

   how likely x s | Bin: how likely x s situation caused by god
 situation caused |                   s will
    by god s will |  UnLikely  VeryLikel         .d         .i |     Total
------------------+--------------------------------------------+----------
      very likely |         0        169          0          0 |       169 
  somewhat likely |       367          0          0          0 |       367 
  not very likely |       969          0          0          0 |       969 
not at all likely |     2,359          0          0          0 |     2,359 
        DONT KNOW |         0          0        128          0 |       128 
              IAP |         0          0          0         86 |        86 
               NA |         0          0          0          0 |        62 
------------------+--------------------------------------------+----------
            Total |     3,695        169        128         86 |     4,140 


                  |  Bin: how
                  | likely x s
                  | situation
   how likely x s | caused by
 situation caused | god s will
    by god s will |        .n |     Total
------------------+-----------+----------
      very likely |         0 |       169 
  somewhat likely |         0 |       367 
  not very likely |         0 |       969 
not at all likely |         0 |     2,359 
        DONT KNOW |         0 |       128 
              IAP |         0 |        86 
               NA |        62 |        62 
------------------+-----------+----------
            Total |        62 |     4,140 

.            
. // rename attribution variables so all begin with a_
. 
.         local att     "charactr imbalnce wayraise stresses genetics godswill"

.         local att     "`att' upsdowns breakdwn physill"

.         
.         foreach v in `att' {
  2.                 rename `v' a_`v'
  3.                 }          

.            
. 
. ******
. // TREATMENT ENDORSEMENT 
. ******
. 
.         unab vars: meddoc mentldoc mentlhos rxmed dangrslf dangroth otcmed sel
> fhelp

.         foreach v in `vars' {
  2.                 g shld_`v' = `v'
  3.                 g shld_`v'R = shld_`v'
  4.                 recode shld_`v'R (1=1) (2=0) (.d=0)
  5.                 local varlbl : variable label `v' 
  6.                 la var shld_`v'R "Bin: `varlbl'" 
  7.                 la val shld_`v'R yesno
  8.                 }
(242 missing values generated)
(242 missing values generated)
(778 changes made to shld_meddocR)
(309 missing values generated)
(309 missing values generated)
(941 changes made to shld_mentldocR)
(428 missing values generated)
(428 missing values generated)
(2600 changes made to shld_mentlhosR)
(376 missing values generated)
(376 missing values generated)
(1486 changes made to shld_rxmedR)
(237 missing values generated)
(237 missing values generated)
(461 changes made to shld_dangrslfR)
(225 missing values generated)
(225 missing values generated)
(312 changes made to shld_dangrothR)
note: label truncated to 80 characters
(292 missing values generated)
(292 missing values generated)
(3504 changes made to shld_otcmedR)
(269 missing values generated)
(269 missing values generated)
(632 changes made to shld_selfhelpR)

.                 
. **********
. // FEAR 
. **********
.                 
.         revrs  hurtoth

.         rename revhurtoth violent_oth

.         
.         revrs  hurtself

.         rename revhurtself violent_self

.         
.         unab vars: violent_oth violent_self

.         
.         foreach v in `vars' {
  2.                 fre `v'
  3.                 g `v'R = `v'
  4.                 recode `v'R (3/4=1) (1/2=0) (.d=0)
  5.                 la var `v'R "Bin: `varlbl'" 
  6.                 }

violent_oth -- how likely x violent toward other people
--------------------------------------------------------------------------
                             |      Freq.    Percent      Valid       Cum.
-----------------------------+--------------------------------------------
Valid   1  not likely at all |        497      12.00      13.17      13.17
        2  not very likely   |       1400      33.82      37.09      50.25
        3  somewhat likely   |       1371      33.12      36.32      86.57
        4  very likely       |        507      12.25      13.43     100.00
        Total                |       3775      91.18     100.00           
Missing .d                   |        213       5.14                      
        .i                   |         86       2.08                      
        .n                   |         66       1.59                      
        Total                |        365       8.82                      
Total                        |       4140     100.00                      
--------------------------------------------------------------------------
(365 missing values generated)
(3988 changes made to violent_othR)

violent_self -- how likely x violent toward oneself
--------------------------------------------------------------------------
                             |      Freq.    Percent      Valid       Cum.
-----------------------------+--------------------------------------------
Valid   1  not likely at all |        275       6.64       7.22       7.22
        2  not very likely   |        821      19.83      21.55      28.77
        3  somewhat likely   |       1734      41.88      45.52      74.30
        4  very likely       |        979      23.65      25.70     100.00
        Total                |       3809      92.00     100.00           
Missing .d                   |        183       4.42                      
        .i                   |         86       2.08                      
        .n                   |         62       1.50                      
        Total                |        331       8.00                      
Total                        |       4140     100.00                      
--------------------------------------------------------------------------
(331 missing values generated)
(3992 changes made to violent_selfR)

. 
.                 
.         rename must* must_*

.         rename imprv* imp_*

.         
. **********
. /// SOCIAL DESIRABILITY         
> **********      
.         
.         rename mcsds1 d_mistake

.         rename mcsds2 d_forgive

.         rename mcsds3 d_myway

.         rename mcsds4 d_diffideas

.         rename mcsds5 d_hurt

.         rename mcsds6 d_gossip

.         rename mcsds7 d_advantage

.         
.         fre d_*

d_mistake -- i’m always willing to admit it when i make a mistake
-------------------------------------------------------------------
                      |      Freq.    Percent      Valid       Cum.
----------------------+--------------------------------------------
Valid   1  true       |        947      22.87      82.64      82.64
        2  false      |        199       4.81      17.36     100.00
        Total         |       1146      27.68     100.00           
Missing .d Don't know |          3       0.07                      
        .i IAP        |       2967      71.67                      
        .n No answer  |         24       0.58                      
        Total         |       2994      72.32                      
Total                 |       4140     100.00                      
-------------------------------------------------------------------

d_forgive -- i sometimes try to get even rather than forgive and forget
-------------------------------------------------------------------
                      |      Freq.    Percent      Valid       Cum.
----------------------+--------------------------------------------
Valid   1  true       |        309       7.46      27.06      27.06
        2  false      |        833      20.12      72.94     100.00
        Total         |       1142      27.58     100.00           
Missing .d Don't know |          5       0.12                      
        .i IAP        |       2967      71.67                      
        .n No answer  |         26       0.63                      
        Total         |       2998      72.42                      
Total                 |       4140     100.00                      
-------------------------------------------------------------------

d_myway -- at times i have really insisted on having things my own way
-------------------------------------------------------------------
                      |      Freq.    Percent      Valid       Cum.
----------------------+--------------------------------------------
Valid   1  true       |        782      18.89      68.48      68.48
        2  false      |        360       8.70      31.52     100.00
        Total         |       1142      27.58     100.00           
Missing .d Don't know |          5       0.12                      
        .i IAP        |       2967      71.67                      
        .n No answer  |         26       0.63                      
        Total         |       2998      72.42                      
Total                 |       4140     100.00                      
-------------------------------------------------------------------

d_diffideas -- i have never been irked when people expressed ideas very differen
> t from my own
-------------------------------------------------------------------
                      |      Freq.    Percent      Valid       Cum.
----------------------+--------------------------------------------
Valid   1  true       |        350       8.45      30.67      30.67
        2  false      |        791      19.11      69.33     100.00
        Total         |       1141      27.56     100.00           
Missing .d Don't know |          5       0.12                      
        .i IAP        |       2967      71.67                      
        .n No answer  |         27       0.65                      
        Total         |       2999      72.44                      
Total                 |       4140     100.00                      
-------------------------------------------------------------------

d_hurt -- i have never deliberately said something that hurt someone’s feelings
-------------------------------------------------------------------
                      |      Freq.    Percent      Valid       Cum.
----------------------+--------------------------------------------
Valid   1  true       |        458      11.06      40.11      40.11
        2  false      |        684      16.52      59.89     100.00
        Total         |       1142      27.58     100.00           
Missing .d Don't know |          4       0.10                      
        .i IAP        |       2967      71.67                      
        .n No answer  |         27       0.65                      
        Total         |       2998      72.42                      
Total                 |       4140     100.00                      
-------------------------------------------------------------------

d_gossip -- i like to gossip at times
-------------------------------------------------------------------
                      |      Freq.    Percent      Valid       Cum.
----------------------+--------------------------------------------
Valid   1  true       |        573      13.84      50.18      50.18
        2  false      |        569      13.74      49.82     100.00
        Total         |       1142      27.58     100.00           
Missing .d Don't know |          5       0.12                      
        .i IAP        |       2967      71.67                      
        .n No answer  |         26       0.63                      
        Total         |       2998      72.42                      
Total                 |       4140     100.00                      
-------------------------------------------------------------------

d_advantage -- there have been occasions when i took advantage of someone
-------------------------------------------------------------------
                      |      Freq.    Percent      Valid       Cum.
----------------------+--------------------------------------------
Valid   1  true       |        363       8.77      31.84      31.84
        2  false      |        777      18.77      68.16     100.00
        Total         |       1140      27.54     100.00           
Missing .d Don't know |          6       0.14                      
        .i IAP        |       2967      71.67                      
        .n No answer  |         27       0.65                      
        Total         |       3000      72.46                      
Total                 |       4140     100.00                      
-------------------------------------------------------------------

.                 
. **************************************************************** 
. // RESPONDENT DEMOGRAPHICS
. ****************************************************************        
.         
. // Sex
.         fre sex

sex -- respondents sex
--------------------------------------------------------------
                 |      Freq.    Percent      Valid       Cum.
-----------------+--------------------------------------------
Valid   1 male   |       1880      45.41      45.41      45.41
        2 female |       2260      54.59      54.59     100.00
        Total    |       4140     100.00     100.00           
--------------------------------------------------------------

.         recode sex (2=1 "female") (1=0 "male"), gen(female)
(4140 differences between sex and female)

.         la   var female "Female? (vs. male)"

.         ta   sex female, m

respondent |  Female? (vs. male)
     s sex |      male     female |     Total
-----------+----------------------+----------
      male |     1,880          0 |     1,880 
    female |         0      2,260 |     2,260 
-----------+----------------------+----------
     Total |     1,880      2,260 |     4,140 

.         drop sex

.   
. // Race
.         fre  race

race -- race of respondent
-------------------------------------------------------------
                |      Freq.    Percent      Valid       Cum.
----------------+--------------------------------------------
Valid   1 white |       3113      75.19      75.19      75.19
        2 black |        617      14.90      14.90      90.10
        3 other |        410       9.90       9.90     100.00
        Total   |       4140     100.00     100.00           
-------------------------------------------------------------

.         lab def racelab 1 "white" 2 "black" 3 "other race"

.         lab val race racelab

.         
.         g    white = (race == 1) if race < .

.         la   var  white "White? (vs non-white)"

.         la   val  white yesno

.         ta   race white, m

   race of | White? (vs non-white)
respondent |         0          1 |     Total
-----------+----------------------+----------
     white |         0      3,113 |     3,113 
     black |       617          0 |       617 
other race |       410          0 |       410 
-----------+----------------------+----------
     Total |     1,027      3,113 |     4,140 

. 
. // Age and cohort 
.         label var age "age in years"

.         
.               g age10 = .
(4,140 missing values generated)

.         replace age10 = 1 if age >= 18 & age < 28
(611 real changes made)

.         replace age10 = 2 if age >= 28 & age < 38
(866 real changes made)

.         replace age10 = 3 if age >= 38 & age < 48
(811 real changes made)

.         replace age10 = 4 if age >= 48 & age < 58
(711 real changes made)

.         replace age10 = 5 if age >= 58 & age < 68
(532 real changes made)

.         replace age10 = 6 if age >= 68 & age < .
(603 real changes made)

.                 la var age10 "Age Ordinal 18/28 - 68+"

.                 
.         tabstat age, by(age10) m

Summary for variables: age
Group variable: age10 (Age Ordinal 18/28 - 68+)

   age10 |      Mean
---------+----------
       1 |  23.23077
       2 |  32.64781
       3 |  42.22441
       4 |  52.22785
       5 |  62.11278
       6 |    76.267
       . |         .
---------+----------
   Total |  46.65651
--------------------

. 
.               g cohort10 = 1 if cohort >= 1907 & cohort < 1927
(3,914 missing values generated)

.         replace cohort10 = 2 if cohort >= 1927 & cohort < 1937
(285 real changes made)

.         replace cohort10 = 3 if cohort >= 1937 & cohort < 1947
(454 real changes made)

.         replace cohort10 = 4 if cohort >= 1947 & cohort < 1957
(772 real changes made)

.         replace cohort10 = 5 if cohort >= 1957 & cohort < 1967
(891 real changes made)

.         replace cohort10 = 6 if cohort >= 1967 & cohort < 1977
(747 real changes made)

.         replace cohort10 = 7 if cohort >= 1977 & cohort < 1987
(485 real changes made)

.         replace cohort10 = 8 if cohort >= 1987 & cohort < .
(274 real changes made)

.                 la var cohort10 "Cohort Ordinal" 

.  
.         lab def quartlab 1 "1st quartile" 2 "2nd quartile" 3 "3rd quartile" 4 
> "4th quartile"

.         sum     age, d

                        age in years
-------------------------------------------------------------
      Percentiles      Smallest
 1%           19             18
 5%           22             18
10%           25             18       Obs               4,134
25%           33             18       Sum of wgt.       4,134

50%           44                      Mean           46.65651
                        Largest       Std. dev.      17.40209
75%           59             89
90%           72             89       Variance       302.8329
95%           78             89       Skewness       .4285572
99%           88             89       Kurtosis       2.337728

.         xtile   ageQ = age, nq(4)

.         sum     age ageQ

    Variable |        Obs        Mean    Std. dev.       Min        Max
-------------+---------------------------------------------------------
         age |      4,134    46.65651    17.40209         18         89
        ageQ |      4,134    2.468553    1.131282          1          4

.         polychoric age ageQ

Variables :  age ageQ
Type :       polyserial
Rho        = .99352867
S.e.       = .00030711

.         lab var ageQ "Age Quartiles"

.         lab val ageQ quartlab

.         fre     ageQ

ageQ -- Age Quartiles
--------------------------------------------------------------------
                       |      Freq.    Percent      Valid       Cum.
-----------------------+--------------------------------------------
Valid   1 1st quartile |       1119      27.03      27.07      27.07
        2 2nd quartile |        970      23.43      23.46      50.53
        3 3rd quartile |       1034      24.98      25.01      75.54
        4 4th quartile |       1011      24.42      24.46     100.00
        Total          |       4134      99.86     100.00           
Missing .              |          6       0.14                      
Total                  |       4140     100.00                      
--------------------------------------------------------------------

.         
.         
.         
. // Education 
. // The piece in AJPH is a bit vague on the coding (in one place it says
. // "at least a high school degree" and in another it says "greater than
. // a high school degree"). The descriptives suggest the latter is correct.
.   
.         g ed_gths = 1 if degree > 1 & degree <= 4 
(2,674 missing values generated)

.         replace ed_gths = 0 if degree <= 1 & degree >= 0
(2,669 real changes made)

.                 la var ed_gths "R ed > HS"

.                 
.         la var educ "Years Education"

. 
. // Region/area
. 
.         fre region

region -- region of interview
-----------------------------------------------------------------------
                          |      Freq.    Percent      Valid       Cum.
--------------------------+--------------------------------------------
Valid   1 new england     |        190       4.59       4.59       4.59
        2 middle atlantic |        515      12.44      12.44      17.03
        3 e. nor. central |        698      16.86      16.86      33.89
        4 w. nor. central |        251       6.06       6.06      39.95
        5 south atlantic  |        860      20.77      20.77      60.72
        6 e. sou. central |        270       6.52       6.52      67.25
        7 w. sou. central |        446      10.77      10.77      78.02
        8 mountain        |        299       7.22       7.22      85.24
        9 pacific         |        611      14.76      14.76     100.00
        Total             |       4140     100.00     100.00           
-----------------------------------------------------------------------

.         recode region (1/4 7/9 =0 "Non-South") (5/6=1 "South"), gen(south) 
(4140 differences between region and south)

.         label var south "Lives in South?"

.         
.         gen                     metro = 0

.         lab var         metro "Metropolitan Area?"

.         replace         metro = 1 if srcbelt == 1 | srcbelt == 2
(925 real changes made)

.         replace         metro = 0 if srcbelt == 3 | srcbelt == 4 | srcbelt == 
> 5 | ///
>                                                          srcbelt == 6
(0 real changes made)

.         lab def         metrolab 0 "NonMetro" 1 "MetroArea"

.         lab val         metro metrolab

.         tab             srcbelt metro, m

                 |  Metropolitan Area?
    src beltcode |  NonMetro  MetroArea |     Total
-----------------+----------------------+----------
 12 lrgst smsa's |         0        376 |       376 
   smsa's 13-100 |         0        549 |       549 
suburb, 12 lrgst |       516          0 |       516 
  suburb, 13-100 |       672          0 |       672 
     other urban |     1,553          0 |     1,553 
     other rural |       474          0 |       474 
-----------------+----------------------+----------
           Total |     3,215        925 |     4,140 

. 
.         gen             region4 = region

.         lab var         region4 "Region of US"

.         lab define      regionlab 1 "Northeast" 2 "Midwest" 3 "South" 4 "West"

.         recode          region4 1 2 = 1         3 4 = 2         5/7 = 3       
>   8 9 = 4
(3950 changes made to region4)

.         lab values      region4 regionlab

. 
.         
. // Size
. 
.         la var xnorcsiz "Size of MSA/County"

.         
. // Income
. 
.         sum income

    Variable |        Obs        Mean    Std. dev.       Min        Max
-------------+---------------------------------------------------------
      income |      3,573    10.84495    2.344498          1         12

.         la var income "Total Family Income"

.                 
.         sum income91

    Variable |        Obs        Mean    Std. dev.       Min        Max
-------------+---------------------------------------------------------
    income91 |      1,266     15.0782    5.032798          1         21

.         la var income91 "Total Family Income (1991)"

.                         
.         sum income06

    Variable |        Obs        Mean    Std. dev.       Min        Max
-------------+---------------------------------------------------------
    income06 |      1,322    16.50983    5.670779          1         25

.         la var income06 "Total Family Income (2006)"

.         
.         sum income16

    Variable |        Obs        Mean    Std. dev.       Min        Max
-------------+---------------------------------------------------------
    income16 |      1,075    17.81302    5.926412          1         26

.         la var income16 "Total Family Income (2018)"

.         
.         *TDM note: Using coninc b/c fewer missing values
.         sum     coninc, d

              family income in constant dollars
-------------------------------------------------------------
      Percentiles      Smallest
 1%          561          350.5
 5%         5050          350.5
10%         8417          350.5       Obs               3,663
25%        18745          350.5       Sum of wgt.       3,663

50%        38555                      Mean           48928.68
                        Largest       Std. dev.      40158.31
75%        61721         178266
90%       112160         178266       Variance       1.61e+09
95%       123496         178266       Skewness       1.323019
99%       178266         178266       Kurtosis       4.417678

.         replace coninc = coninc / 1000
(4,140 real changes made, 477 to missing)

.         lab var coninc "income in 1000s"

.         sum     coninc, d

                       income in 1000s
-------------------------------------------------------------
      Percentiles      Smallest
 1%         .561          .3505
 5%         5.05          .3505
10%        8.417          .3505       Obs               3,663
25%       18.745          .3505       Sum of wgt.       3,663

50%       38.555                      Mean           48.92868
                        Largest       Std. dev.      40.15831
75%       61.721        178.266
90%       112.16        178.266       Variance        1612.69
95%      123.496        178.266       Skewness       1.323019
99%      178.266        178.266       Kurtosis       4.417678

.         
.         sum     coninc, d

                       income in 1000s
-------------------------------------------------------------
      Percentiles      Smallest
 1%         .561          .3505
 5%         5.05          .3505
10%        8.417          .3505       Obs               3,663
25%       18.745          .3505       Sum of wgt.       3,663

50%       38.555                      Mean           48.92868
                        Largest       Std. dev.      40.15831
75%       61.721        178.266
90%       112.16        178.266       Variance        1612.69
95%      123.496        178.266       Skewness       1.323019
99%      178.266        178.266       Kurtosis       4.417678

.         xtile   conincQ = coninc, nq(4)

.         sum     coninc conincQ

    Variable |        Obs        Mean    Std. dev.       Min        Max
-------------+---------------------------------------------------------
      coninc |      3,663    48.92868    40.15831      .3505    178.266
     conincQ |      3,663    2.489762    1.117773          1          4

.         polychoric coninc conincQ

Variables :  coninc conincQ
Type :       polyserial
Rho        = .98064707
S.e.       = .00073467

.         
.         lab var conincQ "Income Quartiles"

.         lab val conincQ quartlab

.         fre     conincQ

conincQ -- Income Quartiles
--------------------------------------------------------------------
                       |      Freq.    Percent      Valid       Cum.
-----------------------+--------------------------------------------
Valid   1 1st quartile |        925      22.34      25.25      25.25
        2 2nd quartile |        924      22.32      25.23      50.48
        3 3rd quartile |        909      21.96      24.82      75.29
        4 4th quartile |        905      21.86      24.71     100.00
        Total          |       3663      88.48     100.00           
Missing .              |        477      11.52                      
Total                  |       4140     100.00                      
--------------------------------------------------------------------

.         
. // Parent
.         gen                     numchild = childs
(11 missing values generated)

.         lab var         numchild "Children Count"

. 
.         gen             anychild = numchild
(11 missing values generated)

.         lab var         anychild "Any Children"

.         recode          anychild 0=0    1/10 = 1
(2271 changes made to anychild)

.         lab val         anychild yesno

.         tab             numchild anychild, m    

  Children |           Any Children
     Count |         0          1         .d |     Total
-----------+---------------------------------+----------
         0 |     1,207          0          0 |     1,207 
         1 |         0        651          0 |       651 
         2 |         0      1,032          0 |     1,032 
         3 |         0        635          0 |       635 
         4 |         0        326          0 |       326 
         5 |         0        135          0 |       135 
         6 |         0         65          0 |        65 
         7 |         0         42          0 |        42 
         8 |         0         36          0 |        36 
        .d |         0          0         11 |        11 
-----------+---------------------------------+----------
     Total |     1,207      2,922         11 |     4,140 

.         
. ****************************************************************
. // # Save and Close Out
. ****************************************************************
. 
.         drop __POLY*

. 
. save "Data/mls-data02-label_name_recode", replace
file Data/mls-data02-label_name_recode.dta saved

. 
. log close
      name:  <unnamed>
       log:  /Users/bianca/Dropbox/_AcademicWork/Active/Research/-underReview/ML
> S_MatchingLabelingStigma/work_socius_2024_06_edited/mls-data02-label_name_reco
> de.log
  log type:  text
 closed on:  25 Sep 2024, 19:39:55
--------------------------------------------------------------------------------
