--------------------------------------------------------------------------------
      name:  <unnamed>
       log:  /Users/bianca/Dropbox/_AcademicWork/Active/Research/-underReview/ML
> S_MatchingLabelingStigma/work_socius_2024_09_other_imputed/mls-data06-scales.l
> og
  log type:  text
 opened on:  26 Sep 2024, 10:21:56

.  
.  
. **********
. /// #0 Setup    
> **********      
.  
.  version 15.1

.  set linesize 80

.  clear all

.  macro drop _all

.  set matsize 100, perm
(set matsize preference recorded)

. 
.  
.  local pgm   mls-data06-scales.do

.  local dte   2021-01-08 

.  local who   bianca manago

.  local tag   "`pgm'.do `who' `dte'"

.  
.  di "`tag'"
mls-data06-scales.do.do bianca manago 2021-01-08

.  
. ****************************************************************
. // #1 Load Data
. **************************************************************** 
.  
.  use "Data/mls-data05-missing", clear

.  
. ****************************************************************
. // #2 STIGMA SCALES
. ****************************************************************
.  
. // examine scale
. 
.         local socdist "s_nextdoor s_social s_friends s_work s_marry s_grphome"

.         fre `socdist'

s_nextdoor -- how willing r would have x as a neighbor
-----------------------------------------------------------------------------
                                |      Freq.    Percent      Valid       Cum.
--------------------------------+--------------------------------------------
Valid   1  definitely willing   |        722      17.81      18.71      18.71
        2  probably willing     |       1841      45.41      47.71      66.42
        3  probably unwilling   |        830      20.47      21.51      87.92
        4  definitely unwilling |        466      11.49      12.08     100.00
        Total                   |       3859      95.19     100.00           
Missing .d DONT KNOW            |        126       3.11                      
        .n NA                   |         69       1.70                      
        Total                   |        195       4.81                      
Total                           |       4054     100.00                      
-----------------------------------------------------------------------------

s_social -- how willing r would spend time socializing with x
-----------------------------------------------------------------------------
                                |      Freq.    Percent      Valid       Cum.
--------------------------------+--------------------------------------------
Valid   1  definitely willing   |        653      16.11      16.74      16.74
        2  probably willing     |       1657      40.87      42.48      59.22
        3  probably unwilling   |        972      23.98      24.92      84.13
        4  definitely unwilling |        619      15.27      15.87     100.00
        Total                   |       3901      96.23     100.00           
Missing .d DONT KNOW            |         85       2.10                      
        .n NA                   |         68       1.68                      
        Total                   |        153       3.77                      
Total                           |       4054     100.00                      
-----------------------------------------------------------------------------

s_friends -- how willing r would make friends with x
-----------------------------------------------------------------------------
                                |      Freq.    Percent      Valid       Cum.
--------------------------------+--------------------------------------------
Valid   1  definitely willing   |        786      19.39      20.25      20.25
        2  probably willing     |       1958      48.30      50.44      70.69
        3  probably unwilling   |        762      18.80      19.63      90.31
        4  definitely unwilling |        376       9.27       9.69     100.00
        Total                   |       3882      95.76     100.00           
Missing .d DONT KNOW            |        102       2.52                      
        .n NA                   |         70       1.73                      
        Total                   |        172       4.24                      
Total                           |       4054     100.00                      
-----------------------------------------------------------------------------

s_work -- how willing r would work closely with x on a job
-----------------------------------------------------------------------------
                                |      Freq.    Percent      Valid       Cum.
--------------------------------+--------------------------------------------
Valid   1  definitely willing   |        445      10.98      11.58      11.58
        2  probably willing     |       1267      31.25      32.97      44.55
        3  probably unwilling   |       1179      29.08      30.68      75.23
        4  definitely unwilling |        952      23.48      24.77     100.00
        Total                   |       3843      94.80     100.00           
Missing .d DONT KNOW            |        143       3.53                      
        .n NA                   |         68       1.68                      
        Total                   |        211       5.20                      
Total                           |       4054     100.00                      
-----------------------------------------------------------------------------

s_marry -- how willing r would have x marry in r's family
-----------------------------------------------------------------------------
                                |      Freq.    Percent      Valid       Cum.
--------------------------------+--------------------------------------------
Valid   1  definitely willing   |        350       8.63       9.29       9.29
        2  probably willing     |       1047      25.83      27.79      37.08
        3  probably unwilling   |       1188      29.30      31.53      68.60
        4  definitely unwilling |       1183      29.18      31.40     100.00
        Total                   |       3768      92.95     100.00           
Missing .d DONT KNOW            |        209       5.16                      
        .n NA                   |         77       1.90                      
        Total                   |        286       7.05                      
Total                           |       4054     100.00                      
-----------------------------------------------------------------------------

s_grphome -- how willing r would have a group home for x
-----------------------------------------------------------------------------
                                |      Freq.    Percent      Valid       Cum.
--------------------------------+--------------------------------------------
Valid   1  definitely willing   |        808      19.93      21.11      21.11
        2  probably willing     |       1664      41.05      43.47      64.58
        3  probably unwilling   |        808      19.93      21.11      85.68
        4  definitely unwilling |        548      13.52      14.32     100.00
        Total                   |       3828      94.43     100.00           
Missing .d DONT KNOW            |        152       3.75                      
        .n NA                   |         74       1.83                      
        Total                   |        226       5.57                      
Total                           |       4054     100.00                      
-----------------------------------------------------------------------------

.         factor `socdist', factor(4) blanks(.4) pcf
(obs=3,572)

Factor analysis/correlation                      Number of obs    =      3,572
    Method: principal-component factors          Retained factors =          1
    Rotation: (unrotated)                        Number of params =          6

    --------------------------------------------------------------------------
         Factor  |   Eigenvalue   Difference        Proportion   Cumulative
    -------------+------------------------------------------------------------
        Factor1  |      3.62582      2.89149            0.6043       0.6043
        Factor2  |      0.73433      0.20988            0.1224       0.7267
        Factor3  |      0.52445      0.04529            0.0874       0.8141
        Factor4  |      0.47916      0.11072            0.0799       0.8940
        Factor5  |      0.36844      0.10064            0.0614       0.9554
        Factor6  |      0.26780            .            0.0446       1.0000
    --------------------------------------------------------------------------
    LR test: independent vs. saturated:  chi2(15) = 9700.44 Prob>chi2 = 0.0000

Factor loadings (pattern matrix) and unique variances

    ---------------------------------------
        Variable |  Factor1 |   Uniqueness 
    -------------+----------+--------------
      s_nextdoor |   0.7817 |      0.3890  
        s_social |   0.8439 |      0.2878  
       s_friends |   0.8328 |      0.3065  
          s_work |   0.7969 |      0.3649  
         s_marry |   0.7891 |      0.3774  
       s_grphome |   0.5929 |      0.6485  
    ---------------------------------------
    (blanks represent abs(loading)<.4)

.                 rotate, oblique quartimin blanks(.4)

Factor analysis/correlation                      Number of obs    =      3,572
    Method: principal-component factors          Retained factors =          1
    Rotation: oblique quartimin (Kaiser off)     Number of params =          6

    --------------------------------------------------------------------------
         Factor  |     Variance   Proportion    Rotated factors are correlated
    -------------+------------------------------------------------------------
        Factor1  |      3.62582       0.6043
    --------------------------------------------------------------------------
    LR test: independent vs. saturated:  chi2(15) = 9700.44 Prob>chi2 = 0.0000

Rotated factor loadings (pattern matrix) and unique variances

    ---------------------------------------
        Variable |  Factor1 |   Uniqueness 
    -------------+----------+--------------
      s_nextdoor |   0.7817 |      0.3890  
        s_social |   0.8439 |      0.2878  
       s_friends |   0.8328 |      0.3065  
          s_work |   0.7969 |      0.3649  
         s_marry |   0.7891 |      0.3774  
       s_grphome |   0.5929 |      0.6485  
    ---------------------------------------
    (blanks represent abs(loading)<.4)

Factor rotation matrix

    -----------------------
                 | Factor1 
    -------------+---------
         Factor1 |  1.0000 
    -----------------------

.         
.         alpha `socdist', item label asis 

Test scale = mean(unstandardized items)

Items        | S  it-cor  ir-cor   ii-cov   alpha   Label
-------------+------------------------------------------------------------------
s_nextdoor   | +   0.772   0.660   .45198   0.838   how willing r would have x
             |                                        as a neighbor
s_social     | +   0.827   0.730   .42241   0.825   how willing r would spend
             |                                        time socializing with x
s_friends    | +   0.813   0.722   .44139   0.828   how willing r would make
             |                                        friends with x
s_work       | +   0.792   0.677   .43372   0.835   how willing r would work
             |                                        closely with x on a job
s_marry      | +   0.791   0.677   .43306   0.835   how willing r would have x
             |                                        marry in r's family
s_grphome    | +   0.630   0.461   .50347   0.874   how willing r would have a
             |                                        group home for x
-------------+------------------------------------------------------------------
Test scale   |                     .44769   0.863   mean(unstandardized items)
--------------------------------------------------------------------------------

.  
.  
. ******
. /// Scale as created in past GSS papers
> ****** 
.         local socdist "s_nextdoor s_social s_friends s_work s_marry s_grphome"

. 
.         egen socdist_scl=rowmean(`socdist')
(105 missing values generated)

.         egen socdist_tot=rowtotal(s_*DK1), missing
(64 missing values generated)

.  
. **********
. /// PRIMARY/TDM
> **********      
. 
. * PRIMARY/TDM version
. *       Leaving "don't know" as missing. Using anyone who answered >= half the
. *       items. Taking mean of answered items as score
. alpha   s_nextdoor s_social s_friends s_work s_marry s_grphome, ///
>                 item gen(socdistSS) min(3)

Test scale = mean(unstandardized items)

                                                            Average
                             Item-test     Item-rest       interitem
Item         |  Obs  Sign   correlation   correlation     covariance      alpha
-------------+-----------------------------------------------------------------
s_nextdoor   | 3850    +       0.7714        0.6594        .4518835      0.8384
s_social     | 3890    +       0.8274        0.7314        .4222517      0.8246
s_friends    | 3873    +       0.8131        0.7216        .4413083      0.8279
s_work       | 3839    +       0.7921        0.6774        .4335676      0.8351
s_marry      | 3763    +       0.7904        0.6767        .4329549      0.8346
s_grphome    | 3821    +       0.6289        0.4597        .5035053      0.8736
-------------+-----------------------------------------------------------------
Test scale   |                                             .4476004      0.8627
-------------------------------------------------------------------------------

. lab var socdistSS "Social distance sum scale"

. lab val socdistSS LABHJ

. fre     socdistSS

socdistSS -- Social distance sum scale
-------------------------------------------------------------------------------
                                  |      Freq.    Percent      Valid       Cum.
----------------------------------+--------------------------------------------
Valid   1                   defin |        163       4.02       4.16       4.16
                            itely |                                            
                            willi |                                            
                            ng    |                                            
        1.16666662693023682       |         94       2.32       2.40       6.55
        1.20000004768371582       |          5       0.12       0.13       6.68
        1.25                      |          5       0.12       0.13       6.81
        1.33333337306976318       |         90       2.22       2.30       9.10
        1.39999997615814209       |          5       0.12       0.13       9.23
        1.5                       |         95       2.34       2.42      11.66
        1.60000002384185791       |         13       0.32       0.33      11.99
        1.66666662693023682       |        133       3.28       3.39      15.38
        1.75                      |          5       0.12       0.13      15.51
        1.79999995231628418       |         16       0.39       0.41      15.91
        1.83333337306976318       |        170       4.19       4.34      20.25
        2                   proba |        447      11.03      11.40      31.65
                            bly   |                                            
                            willi |                                            
                            ng    |                                            
        2.16666674613952637       |        336       8.29       8.57      40.22
        2.20000004768371582       |         36       0.89       0.92      41.14
        2.25                      |         12       0.30       0.31      41.44
        2.33333325386047363       |        344       8.49       8.77      50.22
        2.40000009536743164       |         24       0.59       0.61      50.83
        2.5                       |        303       7.47       7.73      58.56
        2.59999990463256836       |         17       0.42       0.43      58.99
        2.66666674613952637       |        305       7.52       7.78      66.77
        2.75                      |          5       0.12       0.13      66.90
        2.79999995231628418       |         26       0.64       0.66      67.56
        2.83333325386047363       |        258       6.36       6.58      74.14
        3                   proba |        266       6.56       6.78      80.92
                            bly   |                                            
                            unwil |                                            
                            ling  |                                            
        3.16666674613952637       |        181       4.46       4.62      85.54
        3.20000004768371582       |         14       0.35       0.36      85.90
        3.25                      |          2       0.05       0.05      85.95
        3.33333325386047363       |        148       3.65       3.77      89.72
        3.40000009536743164       |         12       0.30       0.31      90.03
        3.5                       |        111       2.74       2.83      92.86
        3.59999990463256836       |          7       0.17       0.18      93.04
        3.66666674613952637       |        100       2.47       2.55      95.59
        3.75                      |          2       0.05       0.05      95.64
        3.79999995231628418       |          4       0.10       0.10      95.74
        3.83333325386047363       |         64       1.58       1.63      97.37
        4                   defin |        103       2.54       2.63     100.00
                            itely |                                            
                            unwil |                                            
                            ling  |                                            
        Total                     |       3921      96.72     100.00           
Missing .                         |        133       3.28                      
Total                             |       4054     100.00                      
-------------------------------------------------------------------------------

. 
.         
. **************************************************************** 
. // OTHER
. ****************************************************************        
.         
. **********
. /// Social Desirability
> **********      
. sum     d_mistake d_forgive d_myway d_diffideas d_hurt d_gossip d_advantage

    Variable |        Obs        Mean    Std. dev.       Min        Max
-------------+---------------------------------------------------------
   d_mistake |      1,146    1.173647    .3789714          1          2
   d_forgive |      1,142    1.729422     .444453          1          2
     d_myway |      1,142    1.315236    .4648135          1          2
 d_diffideas |      1,141    1.693252    .4613463          1          2
      d_hurt |      1,142    1.598949     .490326          1          2
-------------+---------------------------------------------------------
    d_gossip |      1,142    1.498249     .500216          1          2
 d_advantage |      1,140    1.681579    .4660683          1          2

.         
. pwcorr  d_mistake d_forgive d_myway d_diffideas d_hurt d_gossip d_advantage

             | d_mist~e d_forg~e  d_myway d_diff~s   d_hurt d_gossip d_adva~e
-------------+---------------------------------------------------------------
   d_mistake |   1.0000 
   d_forgive |  -0.1121   1.0000 
     d_myway |  -0.1583   0.1952   1.0000 
 d_diffideas |   0.0734   0.0105   0.0138   1.0000 
      d_hurt |   0.0830  -0.0960  -0.1334   0.1423   1.0000 
    d_gossip |  -0.1273   0.1462   0.1898  -0.0766  -0.0978   1.0000 
 d_advantage |  -0.1415   0.1859   0.2216  -0.0463  -0.2115   0.2077   1.0000 

.              
. alpha   d_mistake d_forgive d_myway d_diffideas d_hurt d_gossip d_advantage, /
> //
>             item gen(socdesSS) min(4)

Test scale = mean(unstandardized items)

                                                            Average
                             Item-test     Item-rest       interitem
Item         |  Obs  Sign   correlation   correlation     covariance      alpha
-------------+-----------------------------------------------------------------
d_mistake    | 1146    -       0.4353        0.2202        .0286753      0.4704
d_forgive    | 1142    +       0.4665        0.2150        .0270181      0.4652
d_myway      | 1142    +       0.5354        0.2841        .0244241      0.4409
d_diffideas  | 1141    -       0.3699        0.0921          .03244      0.5218
d_hurt       | 1142    -       0.5166        0.2457        .0255384      0.4589
d_gossip     | 1142    +       0.5451        0.2733        .0242281      0.4463
d_advantage  | 1140    +       0.5766        0.3345         .022412      0.4174
-------------+-----------------------------------------------------------------
Test scale   |                                             .0263903      0.5000
-------------------------------------------------------------------------------

.                                                           
. lab var socdesSS "Social Desirability: Scale"   

.         
.         sum socdesSS, d 

                 Social Desirability: Scale
-------------------------------------------------------------
      Percentiles      Smallest
 1%    -.2857143      -.3333333
 5%    -.1428571      -.3333333
10%            0      -.2857143       Obs               1,148
25%     .1428571      -.2857143       Sum of wgt.       1,148

50%     .2857143                      Mean           .2509188
                        Largest       Std. dev.      .2352579
75%     .4285714             .8
90%     .5714286       .8333333       Variance       .0553463
95%     .5714286              1       Skewness      -.1247686
99%     .7142857              1       Kurtosis        2.60594

.         
.         
. ****************************************************************
. // #3 Close
. **************************************************************** 
.         
. save "Data/mls-data06-scales", replace
file Data/mls-data06-scales.dta saved

.         
. 
. log close
      name:  <unnamed>
       log:  /Users/bianca/Dropbox/_AcademicWork/Active/Research/-underReview/ML
> S_MatchingLabelingStigma/work_socius_2024_09_other_imputed/mls-data06-scales.l
> og
  log type:  text
 closed on:  26 Sep 2024, 10:21:57
--------------------------------------------------------------------------------
