--------------------------------------------------------------------------------
      name:  <unnamed>
       log:  /Users/bianca/Dropbox/_AcademicWork/Active/Research/-underReview/ML
> S_MatchingLabelingStigma/work_socius_2024_09_other_imputed/mls-data04-sort_ord
> er.log
  log type:  text
 opened on:  26 Sep 2024, 10:21:49

.  
.  
. **********
. /// #0 Setup    
> **********      
.  
.  version 15.1

.  set linesize 80

.  clear all

.  macro drop _all

.  set matsize 100, perm
(set matsize preference recorded)

. 
.  
.  local pgm   mls-data04-sort_order.do

.  local dte   2021-01-08 

.  local who   bianca manago

.  local tag   "`pgm'.do `who' `dte'"

.  
.  di "`tag'"
mls-data04-sort_order.do.do bianca manago 2021-01-08

.  
. ****************************************************************
.  // #1 Load Data
. **************************************************************** 
.                 
.         use "Data/mls-data03-contact_recode", clear

.         
. **************************************************************** 
. // Reorganize
. ****************************************************************
. 
. local demog   "age age10 cohort cohort10 born educ ed_gths degree female"

. local demog   "`demog' race south size white born income region  marital wrkst
> at"

.  
. local meta    "ballot version issp formwt sampcode sample oversamp"

. local meta    "`meta' phase wtss wtssnr wtssall vstrat vpsu"

.  
.  order _all, alpha      

.  order year id form cond* vig*, first

.  order `meta', last     

.  order `demog', before(ballot)

.  order imp* must*, before(shld_dangroth)

.         
. **************************************************************** 
. // Save
. ****************************************************************
. 
.         save "Data/mls-data04-sort_order", replace      
file Data/mls-data04-sort_order.dta saved

. 
. log close
      name:  <unnamed>
       log:  /Users/bianca/Dropbox/_AcademicWork/Active/Research/-underReview/ML
> S_MatchingLabelingStigma/work_socius_2024_09_other_imputed/mls-data04-sort_ord
> er.log
  log type:  text
 closed on:  26 Sep 2024, 10:21:49
--------------------------------------------------------------------------------
